
===========================================================================
report_checks -unconstrained
===========================================================================
======================= Fastest Corner ===================================

Startpoint: SW[1] (input port clocked by __VIRTUAL_CLK__)
Endpoint: LED[6] (output port clocked by __VIRTUAL_CLK__)
Path Group: __VIRTUAL_CLK__
Path Type: max
Corner: Fastest

Fanout     Cap    Slew   Delay    Time   Description
-----------------------------------------------------------------------------
                  0.00    0.00    0.00   clock __VIRTUAL_CLK__ (rise edge)
                          0.00    0.00   clock network delay (ideal)
                          2.00    2.00 v input external delay
     1    0.00    0.00    0.00    2.00 v SW[1] (in)
                                         SW[1] (net)
                  0.00    0.00    2.00 v input2/A (sky130_fd_sc_hd__buf_1)
     4    0.02    0.07    0.09    2.09 v input2/X (sky130_fd_sc_hd__buf_1)
                                         net2 (net)
                  0.07    0.00    2.09 v _13_/A (sky130_fd_sc_hd__or4_2)
     5    0.02    0.10    0.45    2.55 v _13_/X (sky130_fd_sc_hd__or4_2)
                                         _02_ (net)
                  0.10    0.00    2.55 v _20_/D (sky130_fd_sc_hd__or4_1)
     2    0.01    0.09    0.30    2.84 v _20_/X (sky130_fd_sc_hd__or4_1)
                                         _06_ (net)
                  0.09    0.00    2.84 v _22_/A (sky130_fd_sc_hd__and2_1)
     1    0.01    0.03    0.12    2.96 v _22_/X (sky130_fd_sc_hd__and2_1)
                                         _08_ (net)
                  0.03    0.00    2.96 v _23_/A (sky130_fd_sc_hd__clkbuf_1)
     1    0.00    0.02    0.06    3.03 v _23_/X (sky130_fd_sc_hd__clkbuf_1)
                                         net15 (net)
                  0.02    0.00    3.03 v output15/A (sky130_fd_sc_hd__buf_2)
     1    0.03    0.06    0.12    3.15 v output15/X (sky130_fd_sc_hd__buf_2)
                                         LED[6] (net)
                  0.06    0.00    3.15 v LED[6] (out)
                                  3.15   data arrival time

                  0.00   10.00   10.00   clock __VIRTUAL_CLK__ (rise edge)
                          0.00   10.00   clock network delay (ideal)
                         -0.25    9.75   clock uncertainty
                          0.00    9.75   clock reconvergence pessimism
                         -2.00    7.75   output external delay
                                  7.75   data required time
-----------------------------------------------------------------------------
                                  7.75   data required time
                                 -3.15   data arrival time
-----------------------------------------------------------------------------
                                  4.60   slack (MET)



======================= Slowest Corner ===================================

Startpoint: SW[1] (input port clocked by __VIRTUAL_CLK__)
Endpoint: LED[6] (output port clocked by __VIRTUAL_CLK__)
Path Group: __VIRTUAL_CLK__
Path Type: max
Corner: Slowest

Fanout     Cap    Slew   Delay    Time   Description
-----------------------------------------------------------------------------
                  0.00    0.00    0.00   clock __VIRTUAL_CLK__ (rise edge)
                          0.00    0.00   clock network delay (ideal)
                          2.00    2.00 v input external delay
     1    0.00    0.02    0.01    2.01 v SW[1] (in)
                                         SW[1] (net)
                  0.02    0.00    2.01 v input2/A (sky130_fd_sc_hd__buf_1)
     4    0.02    0.18    0.25    2.26 v input2/X (sky130_fd_sc_hd__buf_1)
                                         net2 (net)
                  0.18    0.00    2.26 v _13_/A (sky130_fd_sc_hd__or4_2)
     5    0.02    0.32    1.88    4.14 v _13_/X (sky130_fd_sc_hd__or4_2)
                                         _02_ (net)
                  0.32    0.00    4.14 v _20_/D (sky130_fd_sc_hd__or4_1)
     2    0.01    0.28    1.25    5.39 v _20_/X (sky130_fd_sc_hd__or4_1)
                                         _06_ (net)
                  0.28    0.00    5.39 v _22_/A (sky130_fd_sc_hd__and2_1)
     1    0.01    0.09    0.42    5.81 v _22_/X (sky130_fd_sc_hd__and2_1)
                                         _08_ (net)
                  0.09    0.00    5.81 v _23_/A (sky130_fd_sc_hd__clkbuf_1)
     1    0.00    0.06    0.18    5.99 v _23_/X (sky130_fd_sc_hd__clkbuf_1)
                                         net15 (net)
                  0.06    0.00    5.99 v output15/A (sky130_fd_sc_hd__buf_2)
     1    0.03    0.17    0.35    6.35 v output15/X (sky130_fd_sc_hd__buf_2)
                                         LED[6] (net)
                  0.17    0.00    6.35 v LED[6] (out)
                                  6.35   data arrival time

                  0.00   10.00   10.00   clock __VIRTUAL_CLK__ (rise edge)
                          0.00   10.00   clock network delay (ideal)
                         -0.25    9.75   clock uncertainty
                          0.00    9.75   clock reconvergence pessimism
                         -2.00    7.75   output external delay
                                  7.75   data required time
-----------------------------------------------------------------------------
                                  7.75   data required time
                                 -6.35   data arrival time
-----------------------------------------------------------------------------
                                  1.40   slack (MET)



======================= Typical Corner ===================================

Startpoint: SW[1] (input port clocked by __VIRTUAL_CLK__)
Endpoint: LED[6] (output port clocked by __VIRTUAL_CLK__)
Path Group: __VIRTUAL_CLK__
Path Type: max
Corner: Typical

Fanout     Cap    Slew   Delay    Time   Description
-----------------------------------------------------------------------------
                  0.00    0.00    0.00   clock __VIRTUAL_CLK__ (rise edge)
                          0.00    0.00   clock network delay (ideal)
                          2.00    2.00 v input external delay
     1    0.00    0.01    0.00    2.00 v SW[1] (in)
                                         SW[1] (net)
                  0.01    0.00    2.00 v input2/A (sky130_fd_sc_hd__buf_1)
     4    0.02    0.10    0.13    2.14 v input2/X (sky130_fd_sc_hd__buf_1)
                                         net2 (net)
                  0.10    0.00    2.14 v _13_/A (sky130_fd_sc_hd__or4_2)
     5    0.02    0.15    0.79    2.93 v _13_/X (sky130_fd_sc_hd__or4_2)
                                         _02_ (net)
                  0.15    0.00    2.93 v _20_/D (sky130_fd_sc_hd__or4_1)
     2    0.01    0.13    0.52    3.46 v _20_/X (sky130_fd_sc_hd__or4_1)
                                         _06_ (net)
                  0.13    0.00    3.46 v _22_/A (sky130_fd_sc_hd__and2_1)
     1    0.01    0.05    0.19    3.65 v _22_/X (sky130_fd_sc_hd__and2_1)
                                         _08_ (net)
                  0.05    0.00    3.65 v _23_/A (sky130_fd_sc_hd__clkbuf_1)
     1    0.00    0.03    0.10    3.75 v _23_/X (sky130_fd_sc_hd__clkbuf_1)
                                         net15 (net)
                  0.03    0.00    3.75 v output15/A (sky130_fd_sc_hd__buf_2)
     1    0.03    0.09    0.18    3.93 v output15/X (sky130_fd_sc_hd__buf_2)
                                         LED[6] (net)
                  0.09    0.00    3.93 v LED[6] (out)
                                  3.93   data arrival time

                  0.00   10.00   10.00   clock __VIRTUAL_CLK__ (rise edge)
                          0.00   10.00   clock network delay (ideal)
                         -0.25    9.75   clock uncertainty
                          0.00    9.75   clock reconvergence pessimism
                         -2.00    7.75   output external delay
                                  7.75   data required time
-----------------------------------------------------------------------------
                                  7.75   data required time
                                 -3.93   data arrival time
-----------------------------------------------------------------------------
                                  3.82   slack (MET)




===========================================================================
report_checks --slack_max -0.01
============================================================================
======================= Fastest Corner ===================================

No paths found.

======================= Slowest Corner ===================================

No paths found.

======================= Typical Corner ===================================

No paths found.


===========================================================================
 report_check_types -max_slew -max_cap -max_fanout -violators
============================================================================
======================= Fastest Corner ===================================


max slew violations count Fastest: 0
max fanout violations count Fastest: 0
max cap violations count Fastest: 0
======================= Slowest Corner ===================================


max slew violations count Slowest: 0
max fanout violations count Slowest: 0
max cap violations count Slowest: 0
======================= Typical Corner ===================================


max slew violations count Typical: 0
max fanout violations count Typical: 0
max cap violations count Typical: 0

===========================================================================
report_parasitic_annotation -report_unannotated
============================================================================
Found 0 unannotated drivers.
Found 0 partially unannotated drivers.

===========================================================================
max slew violation count 0
max fanout violation count 0
max cap violation count 0
============================================================================

===========================================================================
check_setup -verbose -unconstrained_endpoints -multiple_clock -no_clock -no_input_delay -loops -generated_clocks
===========================================================================
