
===========================================================================
report_checks -path_delay max (Setup)
============================================================================
======================= Fastest Corner ===================================

Startpoint: SW[1] (input port clocked by __VIRTUAL_CLK__)
Endpoint: LED[6] (output port clocked by __VIRTUAL_CLK__)
Path Group: __VIRTUAL_CLK__
Path Type: max
Corner: Fastest

Fanout     Cap    Slew   Delay    Time   Description
-----------------------------------------------------------------------------
                  0.00    0.00    0.00   clock __VIRTUAL_CLK__ (rise edge)
                          0.00    0.00   clock network delay (ideal)
                          2.00    2.00 v input external delay
     1    0.00    0.00    0.00    2.00 v SW[1] (in)
                                         SW[1] (net)
                  0.00    0.00    2.00 v input2/A (sky130_fd_sc_hd__buf_1)
     4    0.02    0.07    0.09    2.09 v input2/X (sky130_fd_sc_hd__buf_1)
                                         net2 (net)
                  0.07    0.00    2.09 v _13_/A (sky130_fd_sc_hd__or4_2)
     5    0.02    0.10    0.45    2.55 v _13_/X (sky130_fd_sc_hd__or4_2)
                                         _02_ (net)
                  0.10    0.00    2.55 v _20_/D (sky130_fd_sc_hd__or4_1)
     2    0.01    0.09    0.30    2.84 v _20_/X (sky130_fd_sc_hd__or4_1)
                                         _06_ (net)
                  0.09    0.00    2.84 v _22_/A (sky130_fd_sc_hd__and2_1)
     1    0.01    0.03    0.12    2.96 v _22_/X (sky130_fd_sc_hd__and2_1)
                                         _08_ (net)
                  0.03    0.00    2.96 v _23_/A (sky130_fd_sc_hd__clkbuf_1)
     1    0.00    0.02    0.06    3.03 v _23_/X (sky130_fd_sc_hd__clkbuf_1)
                                         net15 (net)
                  0.02    0.00    3.03 v output15/A (sky130_fd_sc_hd__buf_2)
     1    0.03    0.06    0.12    3.15 v output15/X (sky130_fd_sc_hd__buf_2)
                                         LED[6] (net)
                  0.06    0.00    3.15 v LED[6] (out)
                                  3.15   data arrival time

                  0.00   10.00   10.00   clock __VIRTUAL_CLK__ (rise edge)
                          0.00   10.00   clock network delay (ideal)
                         -0.25    9.75   clock uncertainty
                          0.00    9.75   clock reconvergence pessimism
                         -2.00    7.75   output external delay
                                  7.75   data required time
-----------------------------------------------------------------------------
                                  7.75   data required time
                                 -3.15   data arrival time
-----------------------------------------------------------------------------
                                  4.60   slack (MET)


Startpoint: SW[1] (input port clocked by __VIRTUAL_CLK__)
Endpoint: LED[7] (output port clocked by __VIRTUAL_CLK__)
Path Group: __VIRTUAL_CLK__
Path Type: max
Corner: Fastest

Fanout     Cap    Slew   Delay    Time   Description
-----------------------------------------------------------------------------
                  0.00    0.00    0.00   clock __VIRTUAL_CLK__ (rise edge)
                          0.00    0.00   clock network delay (ideal)
                          2.00    2.00 v input external delay
     1    0.00    0.00    0.00    2.00 v SW[1] (in)
                                         SW[1] (net)
                  0.00    0.00    2.00 v input2/A (sky130_fd_sc_hd__buf_1)
     4    0.02    0.07    0.09    2.09 v input2/X (sky130_fd_sc_hd__buf_1)
                                         net2 (net)
                  0.07    0.00    2.09 v _13_/A (sky130_fd_sc_hd__or4_2)
     5    0.02    0.10    0.45    2.55 v _13_/X (sky130_fd_sc_hd__or4_2)
                                         _02_ (net)
                  0.10    0.00    2.55 v _20_/D (sky130_fd_sc_hd__or4_1)
     2    0.01    0.09    0.30    2.84 v _20_/X (sky130_fd_sc_hd__or4_1)
                                         _06_ (net)
                  0.09    0.00    2.84 v _24_/B (sky130_fd_sc_hd__xor2_1)
     1    0.00    0.09    0.12    2.96 ^ _24_/X (sky130_fd_sc_hd__xor2_1)
                                         net16 (net)
                  0.09    0.00    2.96 ^ output16/A (sky130_fd_sc_hd__clkbuf_4)
     1    0.03    0.08    0.15    3.11 ^ output16/X (sky130_fd_sc_hd__clkbuf_4)
                                         LED[7] (net)
                  0.08    0.00    3.11 ^ LED[7] (out)
                                  3.11   data arrival time

                  0.00   10.00   10.00   clock __VIRTUAL_CLK__ (rise edge)
                          0.00   10.00   clock network delay (ideal)
                         -0.25    9.75   clock uncertainty
                          0.00    9.75   clock reconvergence pessimism
                         -2.00    7.75   output external delay
                                  7.75   data required time
-----------------------------------------------------------------------------
                                  7.75   data required time
                                 -3.11   data arrival time
-----------------------------------------------------------------------------
                                  4.64   slack (MET)


Startpoint: SW[1] (input port clocked by __VIRTUAL_CLK__)
Endpoint: LED[5] (output port clocked by __VIRTUAL_CLK__)
Path Group: __VIRTUAL_CLK__
Path Type: max
Corner: Fastest

Fanout     Cap    Slew   Delay    Time   Description
-----------------------------------------------------------------------------
                  0.00    0.00    0.00   clock __VIRTUAL_CLK__ (rise edge)
                          0.00    0.00   clock network delay (ideal)
                          2.00    2.00 v input external delay
     1    0.00    0.00    0.00    2.00 v SW[1] (in)
                                         SW[1] (net)
                  0.00    0.00    2.00 v input2/A (sky130_fd_sc_hd__buf_1)
     4    0.02    0.07    0.09    2.09 v input2/X (sky130_fd_sc_hd__buf_1)
                                         net2 (net)
                  0.07    0.00    2.09 v _13_/A (sky130_fd_sc_hd__or4_2)
     5    0.02    0.10    0.45    2.55 v _13_/X (sky130_fd_sc_hd__or4_2)
                                         _02_ (net)
                  0.10    0.00    2.55 v _16_/B (sky130_fd_sc_hd__nor2_1)
     2    0.01    0.15    0.16    2.71 ^ _16_/Y (sky130_fd_sc_hd__nor2_1)
                                         _04_ (net)
                  0.15    0.00    2.71 ^ _19_/B (sky130_fd_sc_hd__xnor2_1)
     1    0.00    0.10    0.09    2.79 ^ _19_/Y (sky130_fd_sc_hd__xnor2_1)
                                         net14 (net)
                  0.10    0.00    2.80 ^ output14/A (sky130_fd_sc_hd__buf_2)
     1    0.03    0.13    0.16    2.96 ^ output14/X (sky130_fd_sc_hd__buf_2)
                                         LED[5] (net)
                  0.13    0.00    2.96 ^ LED[5] (out)
                                  2.96   data arrival time

                  0.00   10.00   10.00   clock __VIRTUAL_CLK__ (rise edge)
                          0.00   10.00   clock network delay (ideal)
                         -0.25    9.75   clock uncertainty
                          0.00    9.75   clock reconvergence pessimism
                         -2.00    7.75   output external delay
                                  7.75   data required time
-----------------------------------------------------------------------------
                                  7.75   data required time
                                 -2.96   data arrival time
-----------------------------------------------------------------------------
                                  4.79   slack (MET)


Startpoint: SW[1] (input port clocked by __VIRTUAL_CLK__)
Endpoint: LED[4] (output port clocked by __VIRTUAL_CLK__)
Path Group: __VIRTUAL_CLK__
Path Type: max
Corner: Fastest

Fanout     Cap    Slew   Delay    Time   Description
-----------------------------------------------------------------------------
                  0.00    0.00    0.00   clock __VIRTUAL_CLK__ (rise edge)
                          0.00    0.00   clock network delay (ideal)
                          2.00    2.00 v input external delay
     1    0.00    0.00    0.00    2.00 v SW[1] (in)
                                         SW[1] (net)
                  0.00    0.00    2.00 v input2/A (sky130_fd_sc_hd__buf_1)
     4    0.02    0.07    0.09    2.09 v input2/X (sky130_fd_sc_hd__buf_1)
                                         net2 (net)
                  0.07    0.00    2.09 v _13_/A (sky130_fd_sc_hd__or4_2)
     5    0.02    0.10    0.45    2.55 v _13_/X (sky130_fd_sc_hd__or4_2)
                                         _02_ (net)
                  0.10    0.00    2.55 v _17_/B (sky130_fd_sc_hd__and2_1)
     1    0.00    0.03    0.13    2.68 v _17_/X (sky130_fd_sc_hd__and2_1)
                                         _05_ (net)
                  0.03    0.00    2.68 v _18_/B (sky130_fd_sc_hd__nor2_1)
     1    0.01    0.09    0.09    2.76 ^ _18_/Y (sky130_fd_sc_hd__nor2_1)
                                         net13 (net)
                  0.09    0.00    2.76 ^ output13/A (sky130_fd_sc_hd__buf_2)
     1    0.03    0.13    0.16    2.92 ^ output13/X (sky130_fd_sc_hd__buf_2)
                                         LED[4] (net)
                  0.13    0.00    2.92 ^ LED[4] (out)
                                  2.92   data arrival time

                  0.00   10.00   10.00   clock __VIRTUAL_CLK__ (rise edge)
                          0.00   10.00   clock network delay (ideal)
                         -0.25    9.75   clock uncertainty
                          0.00    9.75   clock reconvergence pessimism
                         -2.00    7.75   output external delay
                                  7.75   data required time
-----------------------------------------------------------------------------
                                  7.75   data required time
                                 -2.92   data arrival time
-----------------------------------------------------------------------------
                                  4.83   slack (MET)


Startpoint: SW[1] (input port clocked by __VIRTUAL_CLK__)
Endpoint: LED[3] (output port clocked by __VIRTUAL_CLK__)
Path Group: __VIRTUAL_CLK__
Path Type: max
Corner: Fastest

Fanout     Cap    Slew   Delay    Time   Description
-----------------------------------------------------------------------------
                  0.00    0.00    0.00   clock __VIRTUAL_CLK__ (rise edge)
                          0.00    0.00   clock network delay (ideal)
                          2.00    2.00 v input external delay
     1    0.00    0.00    0.00    2.00 v SW[1] (in)
                                         SW[1] (net)
                  0.00    0.00    2.00 v input2/A (sky130_fd_sc_hd__buf_1)
     4    0.02    0.07    0.09    2.09 v input2/X (sky130_fd_sc_hd__buf_1)
                                         net2 (net)
                  0.07    0.00    2.09 v _13_/A (sky130_fd_sc_hd__or4_2)
     5    0.02    0.10    0.45    2.55 v _13_/X (sky130_fd_sc_hd__or4_2)
                                         _02_ (net)
                  0.10    0.00    2.55 v _14_/B (sky130_fd_sc_hd__and2b_1)
     1    0.00    0.03    0.14    2.68 v _14_/X (sky130_fd_sc_hd__and2b_1)
                                         _03_ (net)
                  0.03    0.00    2.68 v _15_/A (sky130_fd_sc_hd__clkbuf_1)
     1    0.01    0.03    0.07    2.76 v _15_/X (sky130_fd_sc_hd__clkbuf_1)
                                         net12 (net)
                  0.03    0.00    2.76 v output12/A (sky130_fd_sc_hd__buf_2)
     1    0.03    0.06    0.12    2.88 v output12/X (sky130_fd_sc_hd__buf_2)
                                         LED[3] (net)
                  0.06    0.00    2.88 v LED[3] (out)
                                  2.88   data arrival time

                  0.00   10.00   10.00   clock __VIRTUAL_CLK__ (rise edge)
                          0.00   10.00   clock network delay (ideal)
                         -0.25    9.75   clock uncertainty
                          0.00    9.75   clock reconvergence pessimism
                         -2.00    7.75   output external delay
                                  7.75   data required time
-----------------------------------------------------------------------------
                                  7.75   data required time
                                 -2.88   data arrival time
-----------------------------------------------------------------------------
                                  4.87   slack (MET)


Startpoint: SW[0] (input port clocked by __VIRTUAL_CLK__)
Endpoint: LED[2] (output port clocked by __VIRTUAL_CLK__)
Path Group: __VIRTUAL_CLK__
Path Type: max
Corner: Fastest

Fanout     Cap    Slew   Delay    Time   Description
-----------------------------------------------------------------------------
                  0.00    0.00    0.00   clock __VIRTUAL_CLK__ (rise edge)
                          0.00    0.00   clock network delay (ideal)
                          2.00    2.00 ^ input external delay
     1    0.00    0.02    0.01    2.01 ^ SW[0] (in)
                                         SW[0] (net)
                  0.02    0.00    2.01 ^ input1/A (sky130_fd_sc_hd__buf_1)
     5    0.02    0.17    0.15    2.16 ^ input1/X (sky130_fd_sc_hd__buf_1)
                                         net1 (net)
                  0.17    0.00    2.16 ^ _10_/B (sky130_fd_sc_hd__nor2_1)
     2    0.01    0.06    0.06    2.22 v _10_/Y (sky130_fd_sc_hd__nor2_1)
                                         _00_ (net)
                  0.06    0.00    2.22 v _11_/B (sky130_fd_sc_hd__xnor2_1)
     1    0.01    0.12    0.13    2.34 ^ _11_/Y (sky130_fd_sc_hd__xnor2_1)
                                         net11 (net)
                  0.12    0.00    2.35 ^ output11/A (sky130_fd_sc_hd__buf_2)
     1    0.03    0.13    0.17    2.51 ^ output11/X (sky130_fd_sc_hd__buf_2)
                                         LED[2] (net)
                  0.13    0.00    2.51 ^ LED[2] (out)
                                  2.51   data arrival time

                  0.00   10.00   10.00   clock __VIRTUAL_CLK__ (rise edge)
                          0.00   10.00   clock network delay (ideal)
                         -0.25    9.75   clock uncertainty
                          0.00    9.75   clock reconvergence pessimism
                         -2.00    7.75   output external delay
                                  7.75   data required time
-----------------------------------------------------------------------------
                                  7.75   data required time
                                 -2.51   data arrival time
-----------------------------------------------------------------------------
                                  5.24   slack (MET)


Startpoint: SW[0] (input port clocked by __VIRTUAL_CLK__)
Endpoint: LED[1] (output port clocked by __VIRTUAL_CLK__)
Path Group: __VIRTUAL_CLK__
Path Type: max
Corner: Fastest

Fanout     Cap    Slew   Delay    Time   Description
-----------------------------------------------------------------------------
                  0.00    0.00    0.00   clock __VIRTUAL_CLK__ (rise edge)
                          0.00    0.00   clock network delay (ideal)
                          2.00    2.00 ^ input external delay
     1    0.00    0.02    0.01    2.01 ^ SW[0] (in)
                                         SW[0] (net)
                  0.02    0.00    2.01 ^ input1/A (sky130_fd_sc_hd__buf_1)
     5    0.02    0.17    0.15    2.16 ^ input1/X (sky130_fd_sc_hd__buf_1)
                                         net1 (net)
                  0.17    0.00    2.16 ^ _10_/B (sky130_fd_sc_hd__nor2_1)
     2    0.01    0.06    0.06    2.22 v _10_/Y (sky130_fd_sc_hd__nor2_1)
                                         _00_ (net)
                  0.06    0.00    2.22 v _26_/A (sky130_fd_sc_hd__nor2_1)
     1    0.00    0.06    0.09    2.31 ^ _26_/Y (sky130_fd_sc_hd__nor2_1)
                                         net10 (net)
                  0.06    0.00    2.31 ^ output10/A (sky130_fd_sc_hd__buf_2)
     1    0.03    0.13    0.15    2.46 ^ output10/X (sky130_fd_sc_hd__buf_2)
                                         LED[1] (net)
                  0.13    0.00    2.46 ^ LED[1] (out)
                                  2.46   data arrival time

                  0.00   10.00   10.00   clock __VIRTUAL_CLK__ (rise edge)
                          0.00   10.00   clock network delay (ideal)
                         -0.25    9.75   clock uncertainty
                          0.00    9.75   clock reconvergence pessimism
                         -2.00    7.75   output external delay
                                  7.75   data required time
-----------------------------------------------------------------------------
                                  7.75   data required time
                                 -2.46   data arrival time
-----------------------------------------------------------------------------
                                  5.29   slack (MET)


Startpoint: SW[0] (input port clocked by __VIRTUAL_CLK__)
Endpoint: LED[0] (output port clocked by __VIRTUAL_CLK__)
Path Group: __VIRTUAL_CLK__
Path Type: max
Corner: Fastest

Fanout     Cap    Slew   Delay    Time   Description
-----------------------------------------------------------------------------
                  0.00    0.00    0.00   clock __VIRTUAL_CLK__ (rise edge)
                          0.00    0.00   clock network delay (ideal)
                          2.00    2.00 ^ input external delay
     1    0.00    0.02    0.01    2.01 ^ SW[0] (in)
                                         SW[0] (net)
                  0.02    0.00    2.01 ^ input1/A (sky130_fd_sc_hd__buf_1)
     5    0.02    0.17    0.15    2.16 ^ input1/X (sky130_fd_sc_hd__buf_1)
                                         net1 (net)
                  0.17    0.00    2.16 ^ _27_/A (sky130_fd_sc_hd__clkbuf_1)
     1    0.00    0.03    0.06    2.22 ^ _27_/X (sky130_fd_sc_hd__clkbuf_1)
                                         net9 (net)
                  0.03    0.00    2.22 ^ output9/A (sky130_fd_sc_hd__buf_2)
     1    0.03    0.13    0.14    2.36 ^ output9/X (sky130_fd_sc_hd__buf_2)
                                         LED[0] (net)
                  0.13    0.00    2.37 ^ LED[0] (out)
                                  2.37   data arrival time

                  0.00   10.00   10.00   clock __VIRTUAL_CLK__ (rise edge)
                          0.00   10.00   clock network delay (ideal)
                         -0.25    9.75   clock uncertainty
                          0.00    9.75   clock reconvergence pessimism
                         -2.00    7.75   output external delay
                                  7.75   data required time
-----------------------------------------------------------------------------
                                  7.75   data required time
                                 -2.37   data arrival time
-----------------------------------------------------------------------------
                                  5.38   slack (MET)



worst slack corner Fastest: 4.6026
======================= Slowest Corner ===================================

Startpoint: SW[1] (input port clocked by __VIRTUAL_CLK__)
Endpoint: LED[6] (output port clocked by __VIRTUAL_CLK__)
Path Group: __VIRTUAL_CLK__
Path Type: max
Corner: Slowest

Fanout     Cap    Slew   Delay    Time   Description
-----------------------------------------------------------------------------
                  0.00    0.00    0.00   clock __VIRTUAL_CLK__ (rise edge)
                          0.00    0.00   clock network delay (ideal)
                          2.00    2.00 v input external delay
     1    0.00    0.02    0.01    2.01 v SW[1] (in)
                                         SW[1] (net)
                  0.02    0.00    2.01 v input2/A (sky130_fd_sc_hd__buf_1)
     4    0.02    0.18    0.25    2.26 v input2/X (sky130_fd_sc_hd__buf_1)
                                         net2 (net)
                  0.18    0.00    2.26 v _13_/A (sky130_fd_sc_hd__or4_2)
     5    0.02    0.32    1.88    4.14 v _13_/X (sky130_fd_sc_hd__or4_2)
                                         _02_ (net)
                  0.32    0.00    4.14 v _20_/D (sky130_fd_sc_hd__or4_1)
     2    0.01    0.28    1.25    5.39 v _20_/X (sky130_fd_sc_hd__or4_1)
                                         _06_ (net)
                  0.28    0.00    5.39 v _22_/A (sky130_fd_sc_hd__and2_1)
     1    0.01    0.09    0.42    5.81 v _22_/X (sky130_fd_sc_hd__and2_1)
                                         _08_ (net)
                  0.09    0.00    5.81 v _23_/A (sky130_fd_sc_hd__clkbuf_1)
     1    0.00    0.06    0.18    5.99 v _23_/X (sky130_fd_sc_hd__clkbuf_1)
                                         net15 (net)
                  0.06    0.00    5.99 v output15/A (sky130_fd_sc_hd__buf_2)
     1    0.03    0.17    0.35    6.35 v output15/X (sky130_fd_sc_hd__buf_2)
                                         LED[6] (net)
                  0.17    0.00    6.35 v LED[6] (out)
                                  6.35   data arrival time

                  0.00   10.00   10.00   clock __VIRTUAL_CLK__ (rise edge)
                          0.00   10.00   clock network delay (ideal)
                         -0.25    9.75   clock uncertainty
                          0.00    9.75   clock reconvergence pessimism
                         -2.00    7.75   output external delay
                                  7.75   data required time
-----------------------------------------------------------------------------
                                  7.75   data required time
                                 -6.35   data arrival time
-----------------------------------------------------------------------------
                                  1.40   slack (MET)


Startpoint: SW[1] (input port clocked by __VIRTUAL_CLK__)
Endpoint: LED[7] (output port clocked by __VIRTUAL_CLK__)
Path Group: __VIRTUAL_CLK__
Path Type: max
Corner: Slowest

Fanout     Cap    Slew   Delay    Time   Description
-----------------------------------------------------------------------------
                  0.00    0.00    0.00   clock __VIRTUAL_CLK__ (rise edge)
                          0.00    0.00   clock network delay (ideal)
                          2.00    2.00 v input external delay
     1    0.00    0.02    0.01    2.01 v SW[1] (in)
                                         SW[1] (net)
                  0.02    0.00    2.01 v input2/A (sky130_fd_sc_hd__buf_1)
     4    0.02    0.18    0.25    2.26 v input2/X (sky130_fd_sc_hd__buf_1)
                                         net2 (net)
                  0.18    0.00    2.26 v _13_/A (sky130_fd_sc_hd__or4_2)
     5    0.02    0.32    1.88    4.14 v _13_/X (sky130_fd_sc_hd__or4_2)
                                         _02_ (net)
                  0.32    0.00    4.14 v _20_/D (sky130_fd_sc_hd__or4_1)
     2    0.01    0.28    1.25    5.39 v _20_/X (sky130_fd_sc_hd__or4_1)
                                         _06_ (net)
                  0.28    0.00    5.39 v _24_/B (sky130_fd_sc_hd__xor2_1)
     1    0.00    0.20    0.32    5.71 ^ _24_/X (sky130_fd_sc_hd__xor2_1)
                                         net16 (net)
                  0.20    0.00    5.71 ^ output16/A (sky130_fd_sc_hd__clkbuf_4)
     1    0.03    0.18    0.41    6.12 ^ output16/X (sky130_fd_sc_hd__clkbuf_4)
                                         LED[7] (net)
                  0.18    0.00    6.12 ^ LED[7] (out)
                                  6.12   data arrival time

                  0.00   10.00   10.00   clock __VIRTUAL_CLK__ (rise edge)
                          0.00   10.00   clock network delay (ideal)
                         -0.25    9.75   clock uncertainty
                          0.00    9.75   clock reconvergence pessimism
                         -2.00    7.75   output external delay
                                  7.75   data required time
-----------------------------------------------------------------------------
                                  7.75   data required time
                                 -6.12   data arrival time
-----------------------------------------------------------------------------
                                  1.63   slack (MET)


Startpoint: SW[1] (input port clocked by __VIRTUAL_CLK__)
Endpoint: LED[5] (output port clocked by __VIRTUAL_CLK__)
Path Group: __VIRTUAL_CLK__
Path Type: max
Corner: Slowest

Fanout     Cap    Slew   Delay    Time   Description
-----------------------------------------------------------------------------
                  0.00    0.00    0.00   clock __VIRTUAL_CLK__ (rise edge)
                          0.00    0.00   clock network delay (ideal)
                          2.00    2.00 v input external delay
     1    0.00    0.02    0.01    2.01 v SW[1] (in)
                                         SW[1] (net)
                  0.02    0.00    2.01 v input2/A (sky130_fd_sc_hd__buf_1)
     4    0.02    0.18    0.25    2.26 v input2/X (sky130_fd_sc_hd__buf_1)
                                         net2 (net)
                  0.18    0.00    2.26 v _13_/A (sky130_fd_sc_hd__or4_2)
     5    0.02    0.32    1.88    4.14 v _13_/X (sky130_fd_sc_hd__or4_2)
                                         _02_ (net)
                  0.32    0.00    4.14 v _16_/B (sky130_fd_sc_hd__nor2_1)
     2    0.01    0.36    0.43    4.57 ^ _16_/Y (sky130_fd_sc_hd__nor2_1)
                                         _04_ (net)
                  0.36    0.00    4.58 ^ _19_/B (sky130_fd_sc_hd__xnor2_1)
     1    0.00    0.22    0.32    4.90 ^ _19_/Y (sky130_fd_sc_hd__xnor2_1)
                                         net14 (net)
                  0.22    0.00    4.90 ^ output14/A (sky130_fd_sc_hd__buf_2)
     1    0.03    0.27    0.43    5.33 ^ output14/X (sky130_fd_sc_hd__buf_2)
                                         LED[5] (net)
                  0.27    0.00    5.33 ^ LED[5] (out)
                                  5.33   data arrival time

                  0.00   10.00   10.00   clock __VIRTUAL_CLK__ (rise edge)
                          0.00   10.00   clock network delay (ideal)
                         -0.25    9.75   clock uncertainty
                          0.00    9.75   clock reconvergence pessimism
                         -2.00    7.75   output external delay
                                  7.75   data required time
-----------------------------------------------------------------------------
                                  7.75   data required time
                                 -5.33   data arrival time
-----------------------------------------------------------------------------
                                  2.42   slack (MET)


Startpoint: SW[1] (input port clocked by __VIRTUAL_CLK__)
Endpoint: LED[4] (output port clocked by __VIRTUAL_CLK__)
Path Group: __VIRTUAL_CLK__
Path Type: max
Corner: Slowest

Fanout     Cap    Slew   Delay    Time   Description
-----------------------------------------------------------------------------
                  0.00    0.00    0.00   clock __VIRTUAL_CLK__ (rise edge)
                          0.00    0.00   clock network delay (ideal)
                          2.00    2.00 v input external delay
     1    0.00    0.02    0.01    2.01 v SW[1] (in)
                                         SW[1] (net)
                  0.02    0.00    2.01 v input2/A (sky130_fd_sc_hd__buf_1)
     4    0.02    0.18    0.25    2.26 v input2/X (sky130_fd_sc_hd__buf_1)
                                         net2 (net)
                  0.18    0.00    2.26 v _13_/A (sky130_fd_sc_hd__or4_2)
     5    0.02    0.32    1.88    4.14 v _13_/X (sky130_fd_sc_hd__or4_2)
                                         _02_ (net)
                  0.32    0.00    4.14 v _17_/B (sky130_fd_sc_hd__and2_1)
     1    0.00    0.07    0.47    4.61 v _17_/X (sky130_fd_sc_hd__and2_1)
                                         _05_ (net)
                  0.07    0.00    4.61 v _18_/B (sky130_fd_sc_hd__nor2_1)
     1    0.01    0.21    0.22    4.82 ^ _18_/Y (sky130_fd_sc_hd__nor2_1)
                                         net13 (net)
                  0.21    0.00    4.82 ^ output13/A (sky130_fd_sc_hd__buf_2)
     1    0.03    0.27    0.43    5.25 ^ output13/X (sky130_fd_sc_hd__buf_2)
                                         LED[4] (net)
                  0.27    0.00    5.25 ^ LED[4] (out)
                                  5.25   data arrival time

                  0.00   10.00   10.00   clock __VIRTUAL_CLK__ (rise edge)
                          0.00   10.00   clock network delay (ideal)
                         -0.25    9.75   clock uncertainty
                          0.00    9.75   clock reconvergence pessimism
                         -2.00    7.75   output external delay
                                  7.75   data required time
-----------------------------------------------------------------------------
                                  7.75   data required time
                                 -5.25   data arrival time
-----------------------------------------------------------------------------
                                  2.50   slack (MET)


Startpoint: SW[1] (input port clocked by __VIRTUAL_CLK__)
Endpoint: LED[3] (output port clocked by __VIRTUAL_CLK__)
Path Group: __VIRTUAL_CLK__
Path Type: max
Corner: Slowest

Fanout     Cap    Slew   Delay    Time   Description
-----------------------------------------------------------------------------
                  0.00    0.00    0.00   clock __VIRTUAL_CLK__ (rise edge)
                          0.00    0.00   clock network delay (ideal)
                          2.00    2.00 v input external delay
     1    0.00    0.02    0.01    2.01 v SW[1] (in)
                                         SW[1] (net)
                  0.02    0.00    2.01 v input2/A (sky130_fd_sc_hd__buf_1)
     4    0.02    0.18    0.25    2.26 v input2/X (sky130_fd_sc_hd__buf_1)
                                         net2 (net)
                  0.18    0.00    2.26 v _13_/A (sky130_fd_sc_hd__or4_2)
     5    0.02    0.32    1.88    4.14 v _13_/X (sky130_fd_sc_hd__or4_2)
                                         _02_ (net)
                  0.32    0.00    4.14 v _14_/B (sky130_fd_sc_hd__and2b_1)
     1    0.00    0.08    0.48    4.63 v _14_/X (sky130_fd_sc_hd__and2b_1)
                                         _03_ (net)
                  0.08    0.00    4.63 v _15_/A (sky130_fd_sc_hd__clkbuf_1)
     1    0.01    0.09    0.21    4.84 v _15_/X (sky130_fd_sc_hd__clkbuf_1)
                                         net12 (net)
                  0.09    0.00    4.84 v output12/A (sky130_fd_sc_hd__buf_2)
     1    0.03    0.17    0.37    5.21 v output12/X (sky130_fd_sc_hd__buf_2)
                                         LED[3] (net)
                  0.17    0.00    5.21 v LED[3] (out)
                                  5.21   data arrival time

                  0.00   10.00   10.00   clock __VIRTUAL_CLK__ (rise edge)
                          0.00   10.00   clock network delay (ideal)
                         -0.25    9.75   clock uncertainty
                          0.00    9.75   clock reconvergence pessimism
                         -2.00    7.75   output external delay
                                  7.75   data required time
-----------------------------------------------------------------------------
                                  7.75   data required time
                                 -5.21   data arrival time
-----------------------------------------------------------------------------
                                  2.54   slack (MET)


Startpoint: SW[0] (input port clocked by __VIRTUAL_CLK__)
Endpoint: LED[2] (output port clocked by __VIRTUAL_CLK__)
Path Group: __VIRTUAL_CLK__
Path Type: max
Corner: Slowest

Fanout     Cap    Slew   Delay    Time   Description
-----------------------------------------------------------------------------
                  0.00    0.00    0.00   clock __VIRTUAL_CLK__ (rise edge)
                          0.00    0.00   clock network delay (ideal)
                          2.00    2.00 v input external delay
     1    0.00    0.02    0.01    2.01 v SW[0] (in)
                                         SW[0] (net)
                  0.02    0.00    2.01 v input1/A (sky130_fd_sc_hd__buf_1)
     5    0.02    0.21    0.27    2.28 v input1/X (sky130_fd_sc_hd__buf_1)
                                         net1 (net)
                  0.21    0.00    2.28 v _10_/B (sky130_fd_sc_hd__nor2_1)
     2    0.01    0.31    0.35    2.63 ^ _10_/Y (sky130_fd_sc_hd__nor2_1)
                                         _00_ (net)
                  0.31    0.00    2.63 ^ _11_/B (sky130_fd_sc_hd__xnor2_1)
     1    0.01    0.26    0.32    2.96 ^ _11_/Y (sky130_fd_sc_hd__xnor2_1)
                                         net11 (net)
                  0.26    0.00    2.96 ^ output11/A (sky130_fd_sc_hd__buf_2)
     1    0.03    0.27    0.45    3.40 ^ output11/X (sky130_fd_sc_hd__buf_2)
                                         LED[2] (net)
                  0.27    0.00    3.41 ^ LED[2] (out)
                                  3.41   data arrival time

                  0.00   10.00   10.00   clock __VIRTUAL_CLK__ (rise edge)
                          0.00   10.00   clock network delay (ideal)
                         -0.25    9.75   clock uncertainty
                          0.00    9.75   clock reconvergence pessimism
                         -2.00    7.75   output external delay
                                  7.75   data required time
-----------------------------------------------------------------------------
                                  7.75   data required time
                                 -3.41   data arrival time
-----------------------------------------------------------------------------
                                  4.34   slack (MET)


Startpoint: SW[0] (input port clocked by __VIRTUAL_CLK__)
Endpoint: LED[1] (output port clocked by __VIRTUAL_CLK__)
Path Group: __VIRTUAL_CLK__
Path Type: max
Corner: Slowest

Fanout     Cap    Slew   Delay    Time   Description
-----------------------------------------------------------------------------
                  0.00    0.00    0.00   clock __VIRTUAL_CLK__ (rise edge)
                          0.00    0.00   clock network delay (ideal)
                          2.00    2.00 v input external delay
     1    0.00    0.02    0.01    2.01 v SW[0] (in)
                                         SW[0] (net)
                  0.02    0.00    2.01 v input1/A (sky130_fd_sc_hd__buf_1)
     5    0.02    0.21    0.27    2.28 v input1/X (sky130_fd_sc_hd__buf_1)
                                         net1 (net)
                  0.21    0.00    2.28 v _25_/B (sky130_fd_sc_hd__and2_1)
     1    0.00    0.08    0.42    2.70 v _25_/X (sky130_fd_sc_hd__and2_1)
                                         _09_ (net)
                  0.08    0.00    2.70 v _26_/B (sky130_fd_sc_hd__nor2_1)
     1    0.00    0.15    0.17    2.88 ^ _26_/Y (sky130_fd_sc_hd__nor2_1)
                                         net10 (net)
                  0.15    0.00    2.88 ^ output10/A (sky130_fd_sc_hd__buf_2)
     1    0.03    0.27    0.40    3.27 ^ output10/X (sky130_fd_sc_hd__buf_2)
                                         LED[1] (net)
                  0.27    0.00    3.27 ^ LED[1] (out)
                                  3.27   data arrival time

                  0.00   10.00   10.00   clock __VIRTUAL_CLK__ (rise edge)
                          0.00   10.00   clock network delay (ideal)
                         -0.25    9.75   clock uncertainty
                          0.00    9.75   clock reconvergence pessimism
                         -2.00    7.75   output external delay
                                  7.75   data required time
-----------------------------------------------------------------------------
                                  7.75   data required time
                                 -3.27   data arrival time
-----------------------------------------------------------------------------
                                  4.48   slack (MET)


Startpoint: SW[0] (input port clocked by __VIRTUAL_CLK__)
Endpoint: LED[0] (output port clocked by __VIRTUAL_CLK__)
Path Group: __VIRTUAL_CLK__
Path Type: max
Corner: Slowest

Fanout     Cap    Slew   Delay    Time   Description
-----------------------------------------------------------------------------
                  0.00    0.00    0.00   clock __VIRTUAL_CLK__ (rise edge)
                          0.00    0.00   clock network delay (ideal)
                          2.00    2.00 ^ input external delay
     1    0.00    0.03    0.02    2.02 ^ SW[0] (in)
                                         SW[0] (net)
                  0.03    0.00    2.02 ^ input1/A (sky130_fd_sc_hd__buf_1)
     5    0.02    0.36    0.36    2.37 ^ input1/X (sky130_fd_sc_hd__buf_1)
                                         net1 (net)
                  0.36    0.00    2.38 ^ _27_/A (sky130_fd_sc_hd__clkbuf_1)
     1    0.00    0.07    0.25    2.63 ^ _27_/X (sky130_fd_sc_hd__clkbuf_1)
                                         net9 (net)
                  0.07    0.00    2.63 ^ output9/A (sky130_fd_sc_hd__buf_2)
     1    0.03    0.27    0.36    2.99 ^ output9/X (sky130_fd_sc_hd__buf_2)
                                         LED[0] (net)
                  0.27    0.00    2.99 ^ LED[0] (out)
                                  2.99   data arrival time

                  0.00   10.00   10.00   clock __VIRTUAL_CLK__ (rise edge)
                          0.00   10.00   clock network delay (ideal)
                         -0.25    9.75   clock uncertainty
                          0.00    9.75   clock reconvergence pessimism
                         -2.00    7.75   output external delay
                                  7.75   data required time
-----------------------------------------------------------------------------
                                  7.75   data required time
                                 -2.99   data arrival time
-----------------------------------------------------------------------------
                                  4.76   slack (MET)



worst slack corner Slowest: 1.4019
======================= Typical Corner ===================================

Startpoint: SW[1] (input port clocked by __VIRTUAL_CLK__)
Endpoint: LED[6] (output port clocked by __VIRTUAL_CLK__)
Path Group: __VIRTUAL_CLK__
Path Type: max
Corner: Typical

Fanout     Cap    Slew   Delay    Time   Description
-----------------------------------------------------------------------------
                  0.00    0.00    0.00   clock __VIRTUAL_CLK__ (rise edge)
                          0.00    0.00   clock network delay (ideal)
                          2.00    2.00 v input external delay
     1    0.00    0.01    0.00    2.00 v SW[1] (in)
                                         SW[1] (net)
                  0.01    0.00    2.00 v input2/A (sky130_fd_sc_hd__buf_1)
     4    0.02    0.10    0.13    2.14 v input2/X (sky130_fd_sc_hd__buf_1)
                                         net2 (net)
                  0.10    0.00    2.14 v _13_/A (sky130_fd_sc_hd__or4_2)
     5    0.02    0.15    0.79    2.93 v _13_/X (sky130_fd_sc_hd__or4_2)
                                         _02_ (net)
                  0.15    0.00    2.93 v _20_/D (sky130_fd_sc_hd__or4_1)
     2    0.01    0.13    0.52    3.46 v _20_/X (sky130_fd_sc_hd__or4_1)
                                         _06_ (net)
                  0.13    0.00    3.46 v _22_/A (sky130_fd_sc_hd__and2_1)
     1    0.01    0.05    0.19    3.65 v _22_/X (sky130_fd_sc_hd__and2_1)
                                         _08_ (net)
                  0.05    0.00    3.65 v _23_/A (sky130_fd_sc_hd__clkbuf_1)
     1    0.00    0.03    0.10    3.75 v _23_/X (sky130_fd_sc_hd__clkbuf_1)
                                         net15 (net)
                  0.03    0.00    3.75 v output15/A (sky130_fd_sc_hd__buf_2)
     1    0.03    0.09    0.18    3.93 v output15/X (sky130_fd_sc_hd__buf_2)
                                         LED[6] (net)
                  0.09    0.00    3.93 v LED[6] (out)
                                  3.93   data arrival time

                  0.00   10.00   10.00   clock __VIRTUAL_CLK__ (rise edge)
                          0.00   10.00   clock network delay (ideal)
                         -0.25    9.75   clock uncertainty
                          0.00    9.75   clock reconvergence pessimism
                         -2.00    7.75   output external delay
                                  7.75   data required time
-----------------------------------------------------------------------------
                                  7.75   data required time
                                 -3.93   data arrival time
-----------------------------------------------------------------------------
                                  3.82   slack (MET)


Startpoint: SW[1] (input port clocked by __VIRTUAL_CLK__)
Endpoint: LED[7] (output port clocked by __VIRTUAL_CLK__)
Path Group: __VIRTUAL_CLK__
Path Type: max
Corner: Typical

Fanout     Cap    Slew   Delay    Time   Description
-----------------------------------------------------------------------------
                  0.00    0.00    0.00   clock __VIRTUAL_CLK__ (rise edge)
                          0.00    0.00   clock network delay (ideal)
                          2.00    2.00 v input external delay
     1    0.00    0.01    0.00    2.00 v SW[1] (in)
                                         SW[1] (net)
                  0.01    0.00    2.00 v input2/A (sky130_fd_sc_hd__buf_1)
     4    0.02    0.10    0.13    2.14 v input2/X (sky130_fd_sc_hd__buf_1)
                                         net2 (net)
                  0.10    0.00    2.14 v _13_/A (sky130_fd_sc_hd__or4_2)
     5    0.02    0.15    0.79    2.93 v _13_/X (sky130_fd_sc_hd__or4_2)
                                         _02_ (net)
                  0.15    0.00    2.93 v _20_/D (sky130_fd_sc_hd__or4_1)
     2    0.01    0.13    0.52    3.46 v _20_/X (sky130_fd_sc_hd__or4_1)
                                         _06_ (net)
                  0.13    0.00    3.46 v _24_/B (sky130_fd_sc_hd__xor2_1)
     1    0.00    0.12    0.17    3.63 ^ _24_/X (sky130_fd_sc_hd__xor2_1)
                                         net16 (net)
                  0.12    0.00    3.63 ^ output16/A (sky130_fd_sc_hd__clkbuf_4)
     1    0.03    0.11    0.23    3.85 ^ output16/X (sky130_fd_sc_hd__clkbuf_4)
                                         LED[7] (net)
                  0.11    0.00    3.86 ^ LED[7] (out)
                                  3.86   data arrival time

                  0.00   10.00   10.00   clock __VIRTUAL_CLK__ (rise edge)
                          0.00   10.00   clock network delay (ideal)
                         -0.25    9.75   clock uncertainty
                          0.00    9.75   clock reconvergence pessimism
                         -2.00    7.75   output external delay
                                  7.75   data required time
-----------------------------------------------------------------------------
                                  7.75   data required time
                                 -3.86   data arrival time
-----------------------------------------------------------------------------
                                  3.89   slack (MET)


Startpoint: SW[1] (input port clocked by __VIRTUAL_CLK__)
Endpoint: LED[5] (output port clocked by __VIRTUAL_CLK__)
Path Group: __VIRTUAL_CLK__
Path Type: max
Corner: Typical

Fanout     Cap    Slew   Delay    Time   Description
-----------------------------------------------------------------------------
                  0.00    0.00    0.00   clock __VIRTUAL_CLK__ (rise edge)
                          0.00    0.00   clock network delay (ideal)
                          2.00    2.00 v input external delay
     1    0.00    0.01    0.00    2.00 v SW[1] (in)
                                         SW[1] (net)
                  0.01    0.00    2.00 v input2/A (sky130_fd_sc_hd__buf_1)
     4    0.02    0.10    0.13    2.14 v input2/X (sky130_fd_sc_hd__buf_1)
                                         net2 (net)
                  0.10    0.00    2.14 v _13_/A (sky130_fd_sc_hd__or4_2)
     5    0.02    0.15    0.79    2.93 v _13_/X (sky130_fd_sc_hd__or4_2)
                                         _02_ (net)
                  0.15    0.00    2.93 v _16_/B (sky130_fd_sc_hd__nor2_1)
     2    0.01    0.22    0.24    3.17 ^ _16_/Y (sky130_fd_sc_hd__nor2_1)
                                         _04_ (net)
                  0.22    0.00    3.17 ^ _19_/B (sky130_fd_sc_hd__xnor2_1)
     1    0.00    0.13    0.16    3.33 ^ _19_/Y (sky130_fd_sc_hd__xnor2_1)
                                         net14 (net)
                  0.13    0.00    3.33 ^ output14/A (sky130_fd_sc_hd__buf_2)
     1    0.03    0.17    0.24    3.57 ^ output14/X (sky130_fd_sc_hd__buf_2)
                                         LED[5] (net)
                  0.17    0.00    3.57 ^ LED[5] (out)
                                  3.57   data arrival time

                  0.00   10.00   10.00   clock __VIRTUAL_CLK__ (rise edge)
                          0.00   10.00   clock network delay (ideal)
                         -0.25    9.75   clock uncertainty
                          0.00    9.75   clock reconvergence pessimism
                         -2.00    7.75   output external delay
                                  7.75   data required time
-----------------------------------------------------------------------------
                                  7.75   data required time
                                 -3.57   data arrival time
-----------------------------------------------------------------------------
                                  4.18   slack (MET)


Startpoint: SW[1] (input port clocked by __VIRTUAL_CLK__)
Endpoint: LED[4] (output port clocked by __VIRTUAL_CLK__)
Path Group: __VIRTUAL_CLK__
Path Type: max
Corner: Typical

Fanout     Cap    Slew   Delay    Time   Description
-----------------------------------------------------------------------------
                  0.00    0.00    0.00   clock __VIRTUAL_CLK__ (rise edge)
                          0.00    0.00   clock network delay (ideal)
                          2.00    2.00 v input external delay
     1    0.00    0.01    0.00    2.00 v SW[1] (in)
                                         SW[1] (net)
                  0.01    0.00    2.00 v input2/A (sky130_fd_sc_hd__buf_1)
     4    0.02    0.10    0.13    2.14 v input2/X (sky130_fd_sc_hd__buf_1)
                                         net2 (net)
                  0.10    0.00    2.14 v _13_/A (sky130_fd_sc_hd__or4_2)
     5    0.02    0.15    0.79    2.93 v _13_/X (sky130_fd_sc_hd__or4_2)
                                         _02_ (net)
                  0.15    0.00    2.93 v _17_/B (sky130_fd_sc_hd__and2_1)
     1    0.00    0.04    0.21    3.15 v _17_/X (sky130_fd_sc_hd__and2_1)
                                         _05_ (net)
                  0.04    0.00    3.15 v _18_/B (sky130_fd_sc_hd__nor2_1)
     1    0.01    0.13    0.12    3.27 ^ _18_/Y (sky130_fd_sc_hd__nor2_1)
                                         net13 (net)
                  0.13    0.00    3.27 ^ output13/A (sky130_fd_sc_hd__buf_2)
     1    0.03    0.17    0.24    3.51 ^ output13/X (sky130_fd_sc_hd__buf_2)
                                         LED[4] (net)
                  0.17    0.00    3.51 ^ LED[4] (out)
                                  3.51   data arrival time

                  0.00   10.00   10.00   clock __VIRTUAL_CLK__ (rise edge)
                          0.00   10.00   clock network delay (ideal)
                         -0.25    9.75   clock uncertainty
                          0.00    9.75   clock reconvergence pessimism
                         -2.00    7.75   output external delay
                                  7.75   data required time
-----------------------------------------------------------------------------
                                  7.75   data required time
                                 -3.51   data arrival time
-----------------------------------------------------------------------------
                                  4.24   slack (MET)


Startpoint: SW[1] (input port clocked by __VIRTUAL_CLK__)
Endpoint: LED[3] (output port clocked by __VIRTUAL_CLK__)
Path Group: __VIRTUAL_CLK__
Path Type: max
Corner: Typical

Fanout     Cap    Slew   Delay    Time   Description
-----------------------------------------------------------------------------
                  0.00    0.00    0.00   clock __VIRTUAL_CLK__ (rise edge)
                          0.00    0.00   clock network delay (ideal)
                          2.00    2.00 v input external delay
     1    0.00    0.01    0.00    2.00 v SW[1] (in)
                                         SW[1] (net)
                  0.01    0.00    2.00 v input2/A (sky130_fd_sc_hd__buf_1)
     4    0.02    0.10    0.13    2.14 v input2/X (sky130_fd_sc_hd__buf_1)
                                         net2 (net)
                  0.10    0.00    2.14 v _13_/A (sky130_fd_sc_hd__or4_2)
     5    0.02    0.15    0.79    2.93 v _13_/X (sky130_fd_sc_hd__or4_2)
                                         _02_ (net)
                  0.15    0.00    2.93 v _14_/B (sky130_fd_sc_hd__and2b_1)
     1    0.00    0.04    0.22    3.15 v _14_/X (sky130_fd_sc_hd__and2b_1)
                                         _03_ (net)
                  0.04    0.00    3.15 v _15_/A (sky130_fd_sc_hd__clkbuf_1)
     1    0.01    0.05    0.11    3.27 v _15_/X (sky130_fd_sc_hd__clkbuf_1)
                                         net12 (net)
                  0.05    0.00    3.27 v output12/A (sky130_fd_sc_hd__buf_2)
     1    0.03    0.09    0.19    3.46 v output12/X (sky130_fd_sc_hd__buf_2)
                                         LED[3] (net)
                  0.09    0.00    3.46 v LED[3] (out)
                                  3.46   data arrival time

                  0.00   10.00   10.00   clock __VIRTUAL_CLK__ (rise edge)
                          0.00   10.00   clock network delay (ideal)
                         -0.25    9.75   clock uncertainty
                          0.00    9.75   clock reconvergence pessimism
                         -2.00    7.75   output external delay
                                  7.75   data required time
-----------------------------------------------------------------------------
                                  7.75   data required time
                                 -3.46   data arrival time
-----------------------------------------------------------------------------
                                  4.29   slack (MET)


Startpoint: SW[0] (input port clocked by __VIRTUAL_CLK__)
Endpoint: LED[2] (output port clocked by __VIRTUAL_CLK__)
Path Group: __VIRTUAL_CLK__
Path Type: max
Corner: Typical

Fanout     Cap    Slew   Delay    Time   Description
-----------------------------------------------------------------------------
                  0.00    0.00    0.00   clock __VIRTUAL_CLK__ (rise edge)
                          0.00    0.00   clock network delay (ideal)
                          2.00    2.00 ^ input external delay
     1    0.00    0.02    0.01    2.01 ^ SW[0] (in)
                                         SW[0] (net)
                  0.02    0.00    2.01 ^ input1/A (sky130_fd_sc_hd__buf_1)
     5    0.02    0.23    0.21    2.22 ^ input1/X (sky130_fd_sc_hd__buf_1)
                                         net1 (net)
                  0.23    0.00    2.22 ^ _10_/B (sky130_fd_sc_hd__nor2_1)
     2    0.01    0.08    0.11    2.33 v _10_/Y (sky130_fd_sc_hd__nor2_1)
                                         _00_ (net)
                  0.08    0.00    2.33 v _11_/B (sky130_fd_sc_hd__xnor2_1)
     1    0.01    0.16    0.18    2.52 ^ _11_/Y (sky130_fd_sc_hd__xnor2_1)
                                         net11 (net)
                  0.16    0.00    2.52 ^ output11/A (sky130_fd_sc_hd__buf_2)
     1    0.03    0.17    0.25    2.76 ^ output11/X (sky130_fd_sc_hd__buf_2)
                                         LED[2] (net)
                  0.17    0.00    2.77 ^ LED[2] (out)
                                  2.77   data arrival time

                  0.00   10.00   10.00   clock __VIRTUAL_CLK__ (rise edge)
                          0.00   10.00   clock network delay (ideal)
                         -0.25    9.75   clock uncertainty
                          0.00    9.75   clock reconvergence pessimism
                         -2.00    7.75   output external delay
                                  7.75   data required time
-----------------------------------------------------------------------------
                                  7.75   data required time
                                 -2.77   data arrival time
-----------------------------------------------------------------------------
                                  4.98   slack (MET)


Startpoint: SW[0] (input port clocked by __VIRTUAL_CLK__)
Endpoint: LED[1] (output port clocked by __VIRTUAL_CLK__)
Path Group: __VIRTUAL_CLK__
Path Type: max
Corner: Typical

Fanout     Cap    Slew   Delay    Time   Description
-----------------------------------------------------------------------------
                  0.00    0.00    0.00   clock __VIRTUAL_CLK__ (rise edge)
                          0.00    0.00   clock network delay (ideal)
                          2.00    2.00 ^ input external delay
     1    0.00    0.02    0.01    2.01 ^ SW[0] (in)
                                         SW[0] (net)
                  0.02    0.00    2.01 ^ input1/A (sky130_fd_sc_hd__buf_1)
     5    0.02    0.23    0.21    2.22 ^ input1/X (sky130_fd_sc_hd__buf_1)
                                         net1 (net)
                  0.23    0.00    2.22 ^ _10_/B (sky130_fd_sc_hd__nor2_1)
     2    0.01    0.08    0.11    2.33 v _10_/Y (sky130_fd_sc_hd__nor2_1)
                                         _00_ (net)
                  0.08    0.00    2.33 v _26_/A (sky130_fd_sc_hd__nor2_1)
     1    0.00    0.09    0.13    2.46 ^ _26_/Y (sky130_fd_sc_hd__nor2_1)
                                         net10 (net)
                  0.09    0.00    2.46 ^ output10/A (sky130_fd_sc_hd__buf_2)
     1    0.03    0.17    0.22    2.68 ^ output10/X (sky130_fd_sc_hd__buf_2)
                                         LED[1] (net)
                  0.17    0.00    2.68 ^ LED[1] (out)
                                  2.68   data arrival time

                  0.00   10.00   10.00   clock __VIRTUAL_CLK__ (rise edge)
                          0.00   10.00   clock network delay (ideal)
                         -0.25    9.75   clock uncertainty
                          0.00    9.75   clock reconvergence pessimism
                         -2.00    7.75   output external delay
                                  7.75   data required time
-----------------------------------------------------------------------------
                                  7.75   data required time
                                 -2.68   data arrival time
-----------------------------------------------------------------------------
                                  5.07   slack (MET)


Startpoint: SW[0] (input port clocked by __VIRTUAL_CLK__)
Endpoint: LED[0] (output port clocked by __VIRTUAL_CLK__)
Path Group: __VIRTUAL_CLK__
Path Type: max
Corner: Typical

Fanout     Cap    Slew   Delay    Time   Description
-----------------------------------------------------------------------------
                  0.00    0.00    0.00   clock __VIRTUAL_CLK__ (rise edge)
                          0.00    0.00   clock network delay (ideal)
                          2.00    2.00 ^ input external delay
     1    0.00    0.02    0.01    2.01 ^ SW[0] (in)
                                         SW[0] (net)
                  0.02    0.00    2.01 ^ input1/A (sky130_fd_sc_hd__buf_1)
     5    0.02    0.23    0.21    2.22 ^ input1/X (sky130_fd_sc_hd__buf_1)
                                         net1 (net)
                  0.23    0.00    2.22 ^ _27_/A (sky130_fd_sc_hd__clkbuf_1)
     1    0.00    0.04    0.12    2.34 ^ _27_/X (sky130_fd_sc_hd__clkbuf_1)
                                         net9 (net)
                  0.04    0.00    2.34 ^ output9/A (sky130_fd_sc_hd__buf_2)
     1    0.03    0.17    0.21    2.55 ^ output9/X (sky130_fd_sc_hd__buf_2)
                                         LED[0] (net)
                  0.17    0.00    2.55 ^ LED[0] (out)
                                  2.55   data arrival time

                  0.00   10.00   10.00   clock __VIRTUAL_CLK__ (rise edge)
                          0.00   10.00   clock network delay (ideal)
                         -0.25    9.75   clock uncertainty
                          0.00    9.75   clock reconvergence pessimism
                         -2.00    7.75   output external delay
                                  7.75   data required time
-----------------------------------------------------------------------------
                                  7.75   data required time
                                 -2.55   data arrival time
-----------------------------------------------------------------------------
                                  5.20   slack (MET)



worst slack corner Typical: 3.8219
