
===========================================================================
report_checks -path_delay min (Hold)
============================================================================
======================= Fastest Corner ===================================

Startpoint: SW[7] (input port clocked by __VIRTUAL_CLK__)
Endpoint: LED[7] (output port clocked by __VIRTUAL_CLK__)
Path Group: __VIRTUAL_CLK__
Path Type: min
Corner: Fastest

Fanout     Cap    Slew   Delay    Time   Description
-----------------------------------------------------------------------------
                  0.00    0.00    0.00   clock __VIRTUAL_CLK__ (rise edge)
                          0.00    0.00   clock network delay (ideal)
                          2.00    2.00 ^ input external delay
     1    0.00    0.02    0.01    2.01 ^ SW[7] (in)
                                         SW[7] (net)
                  0.02    0.00    2.01 ^ input8/A (sky130_fd_sc_hd__clkbuf_1)
     1    0.01    0.06    0.07    2.07 ^ input8/X (sky130_fd_sc_hd__clkbuf_1)
                                         net8 (net)
                  0.06    0.00    2.07 ^ _24_/A (sky130_fd_sc_hd__xor2_1)
     1    0.00    0.03    0.04    2.12 v _24_/X (sky130_fd_sc_hd__xor2_1)
                                         net16 (net)
                  0.03    0.00    2.12 v output16/A (sky130_fd_sc_hd__clkbuf_4)
     1    0.03    0.06    0.12    2.23 v output16/X (sky130_fd_sc_hd__clkbuf_4)
                                         LED[7] (net)
                  0.06    0.00    2.23 v LED[7] (out)
                                  2.23   data arrival time

                  0.00    0.00    0.00   clock __VIRTUAL_CLK__ (rise edge)
                          0.00    0.00   clock network delay (ideal)
                          0.25    0.25   clock uncertainty
                          0.00    0.25   clock reconvergence pessimism
                         -2.00   -1.75   output external delay
                                 -1.75   data required time
-----------------------------------------------------------------------------
                                 -1.75   data required time
                                 -2.23   data arrival time
-----------------------------------------------------------------------------
                                  3.98   slack (MET)


Startpoint: SW[0] (input port clocked by __VIRTUAL_CLK__)
Endpoint: LED[0] (output port clocked by __VIRTUAL_CLK__)
Path Group: __VIRTUAL_CLK__
Path Type: min
Corner: Fastest

Fanout     Cap    Slew   Delay    Time   Description
-----------------------------------------------------------------------------
                  0.00    0.00    0.00   clock __VIRTUAL_CLK__ (rise edge)
                          0.00    0.00   clock network delay (ideal)
                          2.00    2.00 v input external delay
     1    0.00    0.01    0.00    2.00 v SW[0] (in)
                                         SW[0] (net)
                  0.01    0.00    2.00 v input1/A (sky130_fd_sc_hd__buf_1)
     5    0.02    0.07    0.09    2.09 v input1/X (sky130_fd_sc_hd__buf_1)
                                         net1 (net)
                  0.07    0.00    2.09 v _27_/A (sky130_fd_sc_hd__clkbuf_1)
     1    0.00    0.02    0.07    2.16 v _27_/X (sky130_fd_sc_hd__clkbuf_1)
                                         net9 (net)
                  0.02    0.00    2.16 v output9/A (sky130_fd_sc_hd__buf_2)
     1    0.03    0.06    0.11    2.26 v output9/X (sky130_fd_sc_hd__buf_2)
                                         LED[0] (net)
                  0.06    0.00    2.26 v LED[0] (out)
                                  2.26   data arrival time

                  0.00    0.00    0.00   clock __VIRTUAL_CLK__ (rise edge)
                          0.00    0.00   clock network delay (ideal)
                          0.25    0.25   clock uncertainty
                          0.00    0.25   clock reconvergence pessimism
                         -2.00   -1.75   output external delay
                                 -1.75   data required time
-----------------------------------------------------------------------------
                                 -1.75   data required time
                                 -2.26   data arrival time
-----------------------------------------------------------------------------
                                  4.01   slack (MET)


Startpoint: SW[5] (input port clocked by __VIRTUAL_CLK__)
Endpoint: LED[5] (output port clocked by __VIRTUAL_CLK__)
Path Group: __VIRTUAL_CLK__
Path Type: min
Corner: Fastest

Fanout     Cap    Slew   Delay    Time   Description
-----------------------------------------------------------------------------
                  0.00    0.00    0.00   clock __VIRTUAL_CLK__ (rise edge)
                          0.00    0.00   clock network delay (ideal)
                          2.00    2.00 v input external delay
     1    0.00    0.00    0.00    2.00 v SW[5] (in)
                                         SW[5] (net)
                  0.00    0.00    2.00 v input6/A (sky130_fd_sc_hd__buf_1)
     3    0.01    0.06    0.08    2.08 v input6/X (sky130_fd_sc_hd__buf_1)
                                         net6 (net)
                  0.06    0.00    2.08 v _19_/A (sky130_fd_sc_hd__xnor2_1)
     1    0.00    0.03    0.09    2.17 v _19_/Y (sky130_fd_sc_hd__xnor2_1)
                                         net14 (net)
                  0.03    0.00    2.17 v output14/A (sky130_fd_sc_hd__buf_2)
     1    0.03    0.06    0.11    2.28 v output14/X (sky130_fd_sc_hd__buf_2)
                                         LED[5] (net)
                  0.06    0.00    2.28 v LED[5] (out)
                                  2.28   data arrival time

                  0.00    0.00    0.00   clock __VIRTUAL_CLK__ (rise edge)
                          0.00    0.00   clock network delay (ideal)
                          0.25    0.25   clock uncertainty
                          0.00    0.25   clock reconvergence pessimism
                         -2.00   -1.75   output external delay
                                 -1.75   data required time
-----------------------------------------------------------------------------
                                 -1.75   data required time
                                 -2.28   data arrival time
-----------------------------------------------------------------------------
                                  4.03   slack (MET)


Startpoint: SW[2] (input port clocked by __VIRTUAL_CLK__)
Endpoint: LED[2] (output port clocked by __VIRTUAL_CLK__)
Path Group: __VIRTUAL_CLK__
Path Type: min
Corner: Fastest

Fanout     Cap    Slew   Delay    Time   Description
-----------------------------------------------------------------------------
                  0.00    0.00    0.00   clock __VIRTUAL_CLK__ (rise edge)
                          0.00    0.00   clock network delay (ideal)
                          2.00    2.00 v input external delay
     1    0.00    0.00    0.00    2.00 v SW[2] (in)
                                         SW[2] (net)
                  0.00    0.00    2.00 v input3/A (sky130_fd_sc_hd__buf_1)
     3    0.01    0.06    0.08    2.08 v input3/X (sky130_fd_sc_hd__buf_1)
                                         net3 (net)
                  0.06    0.00    2.08 v _11_/A (sky130_fd_sc_hd__xnor2_1)
     1    0.01    0.03    0.09    2.17 v _11_/Y (sky130_fd_sc_hd__xnor2_1)
                                         net11 (net)
                  0.03    0.00    2.17 v output11/A (sky130_fd_sc_hd__buf_2)
     1    0.03    0.06    0.11    2.28 v output11/X (sky130_fd_sc_hd__buf_2)
                                         LED[2] (net)
                  0.06    0.00    2.28 v LED[2] (out)
                                  2.28   data arrival time

                  0.00    0.00    0.00   clock __VIRTUAL_CLK__ (rise edge)
                          0.00    0.00   clock network delay (ideal)
                          0.25    0.25   clock uncertainty
                          0.00    0.25   clock reconvergence pessimism
                         -2.00   -1.75   output external delay
                                 -1.75   data required time
-----------------------------------------------------------------------------
                                 -1.75   data required time
                                 -2.28   data arrival time
-----------------------------------------------------------------------------
                                  4.03   slack (MET)


Startpoint: SW[4] (input port clocked by __VIRTUAL_CLK__)
Endpoint: LED[4] (output port clocked by __VIRTUAL_CLK__)
Path Group: __VIRTUAL_CLK__
Path Type: min
Corner: Fastest

Fanout     Cap    Slew   Delay    Time   Description
-----------------------------------------------------------------------------
                  0.00    0.00    0.00   clock __VIRTUAL_CLK__ (rise edge)
                          0.00    0.00   clock network delay (ideal)
                          2.00    2.00 ^ input external delay
     1    0.00    0.01    0.01    2.01 ^ SW[4] (in)
                                         SW[4] (net)
                  0.01    0.00    2.01 ^ input5/A (sky130_fd_sc_hd__buf_1)
     4    0.02    0.14    0.12    2.12 ^ input5/X (sky130_fd_sc_hd__buf_1)
                                         net5 (net)
                  0.14    0.00    2.13 ^ _17_/A (sky130_fd_sc_hd__and2_1)
     1    0.00    0.04    0.09    2.21 ^ _17_/X (sky130_fd_sc_hd__and2_1)
                                         _05_ (net)
                  0.04    0.00    2.21 ^ _18_/B (sky130_fd_sc_hd__nor2_1)
     1    0.01    0.02    0.03    2.24 v _18_/Y (sky130_fd_sc_hd__nor2_1)
                                         net13 (net)
                  0.02    0.00    2.24 v output13/A (sky130_fd_sc_hd__buf_2)
     1    0.03    0.06    0.11    2.35 v output13/X (sky130_fd_sc_hd__buf_2)
                                         LED[4] (net)
                  0.06    0.00    2.35 v LED[4] (out)
                                  2.35   data arrival time

                  0.00    0.00    0.00   clock __VIRTUAL_CLK__ (rise edge)
                          0.00    0.00   clock network delay (ideal)
                          0.25    0.25   clock uncertainty
                          0.00    0.25   clock reconvergence pessimism
                         -2.00   -1.75   output external delay
                                 -1.75   data required time
-----------------------------------------------------------------------------
                                 -1.75   data required time
                                 -2.35   data arrival time
-----------------------------------------------------------------------------
                                  4.10   slack (MET)


Startpoint: SW[1] (input port clocked by __VIRTUAL_CLK__)
Endpoint: LED[1] (output port clocked by __VIRTUAL_CLK__)
Path Group: __VIRTUAL_CLK__
Path Type: min
Corner: Fastest

Fanout     Cap    Slew   Delay    Time   Description
-----------------------------------------------------------------------------
                  0.00    0.00    0.00   clock __VIRTUAL_CLK__ (rise edge)
                          0.00    0.00   clock network delay (ideal)
                          2.00    2.00 v input external delay
     1    0.00    0.00    0.00    2.00 v SW[1] (in)
                                         SW[1] (net)
                  0.00    0.00    2.00 v input2/A (sky130_fd_sc_hd__buf_1)
     4    0.02    0.07    0.08    2.08 v input2/X (sky130_fd_sc_hd__buf_1)
                                         net2 (net)
                  0.07    0.00    2.08 v _10_/A (sky130_fd_sc_hd__nor2_1)
     2    0.01    0.13    0.13    2.21 ^ _10_/Y (sky130_fd_sc_hd__nor2_1)
                                         _00_ (net)
                  0.13    0.00    2.21 ^ _26_/A (sky130_fd_sc_hd__nor2_1)
     1    0.00    0.02    0.04    2.25 v _26_/Y (sky130_fd_sc_hd__nor2_1)
                                         net10 (net)
                  0.02    0.00    2.25 v output10/A (sky130_fd_sc_hd__buf_2)
     1    0.03    0.06    0.11    2.36 v output10/X (sky130_fd_sc_hd__buf_2)
                                         LED[1] (net)
                  0.06    0.00    2.36 v LED[1] (out)
                                  2.36   data arrival time

                  0.00    0.00    0.00   clock __VIRTUAL_CLK__ (rise edge)
                          0.00    0.00   clock network delay (ideal)
                          0.25    0.25   clock uncertainty
                          0.00    0.25   clock reconvergence pessimism
                         -2.00   -1.75   output external delay
                                 -1.75   data required time
-----------------------------------------------------------------------------
                                 -1.75   data required time
                                 -2.36   data arrival time
-----------------------------------------------------------------------------
                                  4.11   slack (MET)


Startpoint: SW[6] (input port clocked by __VIRTUAL_CLK__)
Endpoint: LED[6] (output port clocked by __VIRTUAL_CLK__)
Path Group: __VIRTUAL_CLK__
Path Type: min
Corner: Fastest

Fanout     Cap    Slew   Delay    Time   Description
-----------------------------------------------------------------------------
                  0.00    0.00    0.00   clock __VIRTUAL_CLK__ (rise edge)
                          0.00    0.00   clock network delay (ideal)
                          2.00    2.00 v input external delay
     1    0.00    0.00    0.00    2.00 v SW[6] (in)
                                         SW[6] (net)
                  0.00    0.00    2.00 v input7/A (sky130_fd_sc_hd__buf_1)
     2    0.01    0.05    0.07    2.07 v input7/X (sky130_fd_sc_hd__buf_1)
                                         net7 (net)
                  0.05    0.00    2.07 v _21_/B1 (sky130_fd_sc_hd__o31ai_1)
     1    0.00    0.03    0.05    2.12 ^ _21_/Y (sky130_fd_sc_hd__o31ai_1)
                                         _07_ (net)
                  0.03    0.00    2.12 ^ _22_/B (sky130_fd_sc_hd__and2_1)
     1    0.01    0.05    0.08    2.20 ^ _22_/X (sky130_fd_sc_hd__and2_1)
                                         _08_ (net)
                  0.05    0.00    2.20 ^ _23_/A (sky130_fd_sc_hd__clkbuf_1)
     1    0.00    0.04    0.06    2.26 ^ _23_/X (sky130_fd_sc_hd__clkbuf_1)
                                         net15 (net)
                  0.04    0.00    2.26 ^ output15/A (sky130_fd_sc_hd__buf_2)
     1    0.03    0.13    0.13    2.39 ^ output15/X (sky130_fd_sc_hd__buf_2)
                                         LED[6] (net)
                  0.13    0.00    2.40 ^ LED[6] (out)
                                  2.40   data arrival time

                  0.00    0.00    0.00   clock __VIRTUAL_CLK__ (rise edge)
                          0.00    0.00   clock network delay (ideal)
                          0.25    0.25   clock uncertainty
                          0.00    0.25   clock reconvergence pessimism
                         -2.00   -1.75   output external delay
                                 -1.75   data required time
-----------------------------------------------------------------------------
                                 -1.75   data required time
                                 -2.40   data arrival time
-----------------------------------------------------------------------------
                                  4.15   slack (MET)


Startpoint: SW[3] (input port clocked by __VIRTUAL_CLK__)
Endpoint: LED[3] (output port clocked by __VIRTUAL_CLK__)
Path Group: __VIRTUAL_CLK__
Path Type: min
Corner: Fastest

Fanout     Cap    Slew   Delay    Time   Description
-----------------------------------------------------------------------------
                  0.00    0.00    0.00   clock __VIRTUAL_CLK__ (rise edge)
                          0.00    0.00   clock network delay (ideal)
                          2.00    2.00 ^ input external delay
     1    0.00    0.01    0.01    2.01 ^ SW[3] (in)
                                         SW[3] (net)
                  0.01    0.00    2.01 ^ input4/A (sky130_fd_sc_hd__clkbuf_1)
     2    0.01    0.09    0.08    2.09 ^ input4/X (sky130_fd_sc_hd__clkbuf_1)
                                         net4 (net)
                  0.09    0.00    2.09 ^ _12_/B1 (sky130_fd_sc_hd__o31a_1)
     1    0.00    0.03    0.06    2.15 ^ _12_/X (sky130_fd_sc_hd__o31a_1)
                                         _01_ (net)
                  0.03    0.00    2.15 ^ _14_/A_N (sky130_fd_sc_hd__and2b_1)
     1    0.00    0.03    0.10    2.25 v _14_/X (sky130_fd_sc_hd__and2b_1)
                                         _03_ (net)
                  0.03    0.00    2.25 v _15_/A (sky130_fd_sc_hd__clkbuf_1)
     1    0.01    0.03    0.07    2.32 v _15_/X (sky130_fd_sc_hd__clkbuf_1)
                                         net12 (net)
                  0.03    0.00    2.32 v output12/A (sky130_fd_sc_hd__buf_2)
     1    0.03    0.06    0.11    2.43 v output12/X (sky130_fd_sc_hd__buf_2)
                                         LED[3] (net)
                  0.06    0.00    2.43 v LED[3] (out)
                                  2.43   data arrival time

                  0.00    0.00    0.00   clock __VIRTUAL_CLK__ (rise edge)
                          0.00    0.00   clock network delay (ideal)
                          0.25    0.25   clock uncertainty
                          0.00    0.25   clock reconvergence pessimism
                         -2.00   -1.75   output external delay
                                 -1.75   data required time
-----------------------------------------------------------------------------
                                 -1.75   data required time
                                 -2.43   data arrival time
-----------------------------------------------------------------------------
                                  4.18   slack (MET)



worst slack corner Fastest: 3.9815
======================= Slowest Corner ===================================

Startpoint: SW[7] (input port clocked by __VIRTUAL_CLK__)
Endpoint: LED[7] (output port clocked by __VIRTUAL_CLK__)
Path Group: __VIRTUAL_CLK__
Path Type: min
Corner: Slowest

Fanout     Cap    Slew   Delay    Time   Description
-----------------------------------------------------------------------------
                  0.00    0.00    0.00   clock __VIRTUAL_CLK__ (rise edge)
                          0.00    0.00   clock network delay (ideal)
                          2.00    2.00 ^ input external delay
     1    0.00    0.04    0.02    2.02 ^ SW[7] (in)
                                         SW[7] (net)
                  0.04    0.00    2.02 ^ input8/A (sky130_fd_sc_hd__clkbuf_1)
     1    0.01    0.14    0.17    2.19 ^ input8/X (sky130_fd_sc_hd__clkbuf_1)
                                         net8 (net)
                  0.14    0.00    2.19 ^ _24_/A (sky130_fd_sc_hd__xor2_1)
     1    0.00    0.07    0.15    2.34 v _24_/X (sky130_fd_sc_hd__xor2_1)
                                         net16 (net)
                  0.07    0.00    2.34 v output16/A (sky130_fd_sc_hd__clkbuf_4)
     1    0.03    0.14    0.31    2.65 v output16/X (sky130_fd_sc_hd__clkbuf_4)
                                         LED[7] (net)
                  0.14    0.00    2.65 v LED[7] (out)
                                  2.65   data arrival time

                  0.00    0.00    0.00   clock __VIRTUAL_CLK__ (rise edge)
                          0.00    0.00   clock network delay (ideal)
                          0.25    0.25   clock uncertainty
                          0.00    0.25   clock reconvergence pessimism
                         -2.00   -1.75   output external delay
                                 -1.75   data required time
-----------------------------------------------------------------------------
                                 -1.75   data required time
                                 -2.65   data arrival time
-----------------------------------------------------------------------------
                                  4.40   slack (MET)


Startpoint: SW[0] (input port clocked by __VIRTUAL_CLK__)
Endpoint: LED[0] (output port clocked by __VIRTUAL_CLK__)
Path Group: __VIRTUAL_CLK__
Path Type: min
Corner: Slowest

Fanout     Cap    Slew   Delay    Time   Description
-----------------------------------------------------------------------------
                  0.00    0.00    0.00   clock __VIRTUAL_CLK__ (rise edge)
                          0.00    0.00   clock network delay (ideal)
                          2.00    2.00 v input external delay
     1    0.00    0.02    0.01    2.01 v SW[0] (in)
                                         SW[0] (net)
                  0.02    0.00    2.01 v input1/A (sky130_fd_sc_hd__buf_1)
     5    0.02    0.21    0.25    2.26 v input1/X (sky130_fd_sc_hd__buf_1)
                                         net1 (net)
                  0.21    0.00    2.26 v _27_/A (sky130_fd_sc_hd__clkbuf_1)
     1    0.00    0.04    0.21    2.46 v _27_/X (sky130_fd_sc_hd__clkbuf_1)
                                         net9 (net)
                  0.04    0.00    2.46 v output9/A (sky130_fd_sc_hd__buf_2)
     1    0.03    0.17    0.32    2.78 v output9/X (sky130_fd_sc_hd__buf_2)
                                         LED[0] (net)
                  0.17    0.00    2.78 v LED[0] (out)
                                  2.78   data arrival time

                  0.00    0.00    0.00   clock __VIRTUAL_CLK__ (rise edge)
                          0.00    0.00   clock network delay (ideal)
                          0.25    0.25   clock uncertainty
                          0.00    0.25   clock reconvergence pessimism
                         -2.00   -1.75   output external delay
                                 -1.75   data required time
-----------------------------------------------------------------------------
                                 -1.75   data required time
                                 -2.78   data arrival time
-----------------------------------------------------------------------------
                                  4.53   slack (MET)


Startpoint: SW[5] (input port clocked by __VIRTUAL_CLK__)
Endpoint: LED[5] (output port clocked by __VIRTUAL_CLK__)
Path Group: __VIRTUAL_CLK__
Path Type: min
Corner: Slowest

Fanout     Cap    Slew   Delay    Time   Description
-----------------------------------------------------------------------------
                  0.00    0.00    0.00   clock __VIRTUAL_CLK__ (rise edge)
                          0.00    0.00   clock network delay (ideal)
                          2.00    2.00 v input external delay
     1    0.00    0.02    0.01    2.01 v SW[5] (in)
                                         SW[5] (net)
                  0.02    0.00    2.01 v input6/A (sky130_fd_sc_hd__buf_1)
     3    0.01    0.17    0.22    2.23 v input6/X (sky130_fd_sc_hd__buf_1)
                                         net6 (net)
                  0.17    0.00    2.23 v _19_/A (sky130_fd_sc_hd__xnor2_1)
     1    0.00    0.09    0.26    2.48 v _19_/Y (sky130_fd_sc_hd__xnor2_1)
                                         net14 (net)
                  0.09    0.00    2.48 v output14/A (sky130_fd_sc_hd__buf_2)
     1    0.03    0.16    0.33    2.82 v output14/X (sky130_fd_sc_hd__buf_2)
                                         LED[5] (net)
                  0.16    0.00    2.82 v LED[5] (out)
                                  2.82   data arrival time

                  0.00    0.00    0.00   clock __VIRTUAL_CLK__ (rise edge)
                          0.00    0.00   clock network delay (ideal)
                          0.25    0.25   clock uncertainty
                          0.00    0.25   clock reconvergence pessimism
                         -2.00   -1.75   output external delay
                                 -1.75   data required time
-----------------------------------------------------------------------------
                                 -1.75   data required time
                                 -2.82   data arrival time
-----------------------------------------------------------------------------
                                  4.57   slack (MET)


Startpoint: SW[2] (input port clocked by __VIRTUAL_CLK__)
Endpoint: LED[2] (output port clocked by __VIRTUAL_CLK__)
Path Group: __VIRTUAL_CLK__
Path Type: min
Corner: Slowest

Fanout     Cap    Slew   Delay    Time   Description
-----------------------------------------------------------------------------
                  0.00    0.00    0.00   clock __VIRTUAL_CLK__ (rise edge)
                          0.00    0.00   clock network delay (ideal)
                          2.00    2.00 v input external delay
     1    0.00    0.02    0.01    2.01 v SW[2] (in)
                                         SW[2] (net)
                  0.02    0.00    2.01 v input3/A (sky130_fd_sc_hd__buf_1)
     3    0.01    0.17    0.22    2.23 v input3/X (sky130_fd_sc_hd__buf_1)
                                         net3 (net)
                  0.17    0.00    2.23 v _11_/A (sky130_fd_sc_hd__xnor2_1)
     1    0.00    0.11    0.27    2.50 v _11_/Y (sky130_fd_sc_hd__xnor2_1)
                                         net11 (net)
                  0.11    0.00    2.50 v output11/A (sky130_fd_sc_hd__buf_2)
     1    0.03    0.16    0.34    2.84 v output11/X (sky130_fd_sc_hd__buf_2)
                                         LED[2] (net)
                  0.16    0.00    2.84 v LED[2] (out)
                                  2.84   data arrival time

                  0.00    0.00    0.00   clock __VIRTUAL_CLK__ (rise edge)
                          0.00    0.00   clock network delay (ideal)
                          0.25    0.25   clock uncertainty
                          0.00    0.25   clock reconvergence pessimism
                         -2.00   -1.75   output external delay
                                 -1.75   data required time
-----------------------------------------------------------------------------
                                 -1.75   data required time
                                 -2.84   data arrival time
-----------------------------------------------------------------------------
                                  4.59   slack (MET)


Startpoint: SW[4] (input port clocked by __VIRTUAL_CLK__)
Endpoint: LED[4] (output port clocked by __VIRTUAL_CLK__)
Path Group: __VIRTUAL_CLK__
Path Type: min
Corner: Slowest

Fanout     Cap    Slew   Delay    Time   Description
-----------------------------------------------------------------------------
                  0.00    0.00    0.00   clock __VIRTUAL_CLK__ (rise edge)
                          0.00    0.00   clock network delay (ideal)
                          2.00    2.00 ^ input external delay
     1    0.00    0.03    0.01    2.01 ^ SW[4] (in)
                                         SW[4] (net)
                  0.03    0.00    2.01 ^ input5/A (sky130_fd_sc_hd__buf_1)
     4    0.02    0.30    0.28    2.30 ^ input5/X (sky130_fd_sc_hd__buf_1)
                                         net5 (net)
                  0.30    0.00    2.30 ^ _17_/A (sky130_fd_sc_hd__and2_1)
     1    0.00    0.09    0.30    2.60 ^ _17_/X (sky130_fd_sc_hd__and2_1)
                                         _05_ (net)
                  0.09    0.00    2.60 ^ _18_/B (sky130_fd_sc_hd__nor2_1)
     1    0.01    0.06    0.09    2.69 v _18_/Y (sky130_fd_sc_hd__nor2_1)
                                         net13 (net)
                  0.06    0.00    2.69 v output13/A (sky130_fd_sc_hd__buf_2)
     1    0.03    0.16    0.32    3.01 v output13/X (sky130_fd_sc_hd__buf_2)
                                         LED[4] (net)
                  0.16    0.00    3.01 v LED[4] (out)
                                  3.01   data arrival time

                  0.00    0.00    0.00   clock __VIRTUAL_CLK__ (rise edge)
                          0.00    0.00   clock network delay (ideal)
                          0.25    0.25   clock uncertainty
                          0.00    0.25   clock reconvergence pessimism
                         -2.00   -1.75   output external delay
                                 -1.75   data required time
-----------------------------------------------------------------------------
                                 -1.75   data required time
                                 -3.01   data arrival time
-----------------------------------------------------------------------------
                                  4.76   slack (MET)


Startpoint: SW[1] (input port clocked by __VIRTUAL_CLK__)
Endpoint: LED[1] (output port clocked by __VIRTUAL_CLK__)
Path Group: __VIRTUAL_CLK__
Path Type: min
Corner: Slowest

Fanout     Cap    Slew   Delay    Time   Description
-----------------------------------------------------------------------------
                  0.00    0.00    0.00   clock __VIRTUAL_CLK__ (rise edge)
                          0.00    0.00   clock network delay (ideal)
                          2.00    2.00 ^ input external delay
     1    0.00    0.03    0.02    2.02 ^ SW[1] (in)
                                         SW[1] (net)
                  0.03    0.00    2.02 ^ input2/A (sky130_fd_sc_hd__buf_1)
     4    0.02    0.31    0.29    2.31 ^ input2/X (sky130_fd_sc_hd__buf_1)
                                         net2 (net)
                  0.31    0.00    2.31 ^ _25_/A (sky130_fd_sc_hd__and2_1)
     1    0.00    0.11    0.32    2.62 ^ _25_/X (sky130_fd_sc_hd__and2_1)
                                         _09_ (net)
                  0.11    0.00    2.62 ^ _26_/B (sky130_fd_sc_hd__nor2_1)
     1    0.00    0.05    0.09    2.71 v _26_/Y (sky130_fd_sc_hd__nor2_1)
                                         net10 (net)
                  0.05    0.00    2.71 v output10/A (sky130_fd_sc_hd__buf_2)
     1    0.03    0.16    0.32    3.03 v output10/X (sky130_fd_sc_hd__buf_2)
                                         LED[1] (net)
                  0.16    0.00    3.03 v LED[1] (out)
                                  3.03   data arrival time

                  0.00    0.00    0.00   clock __VIRTUAL_CLK__ (rise edge)
                          0.00    0.00   clock network delay (ideal)
                          0.25    0.25   clock uncertainty
                          0.00    0.25   clock reconvergence pessimism
                         -2.00   -1.75   output external delay
                                 -1.75   data required time
-----------------------------------------------------------------------------
                                 -1.75   data required time
                                 -3.03   data arrival time
-----------------------------------------------------------------------------
                                  4.78   slack (MET)


Startpoint: SW[6] (input port clocked by __VIRTUAL_CLK__)
Endpoint: LED[6] (output port clocked by __VIRTUAL_CLK__)
Path Group: __VIRTUAL_CLK__
Path Type: min
Corner: Slowest

Fanout     Cap    Slew   Delay    Time   Description
-----------------------------------------------------------------------------
                  0.00    0.00    0.00   clock __VIRTUAL_CLK__ (rise edge)
                          0.00    0.00   clock network delay (ideal)
                          2.00    2.00 v input external delay
     1    0.00    0.02    0.01    2.01 v SW[6] (in)
                                         SW[6] (net)
                  0.02    0.00    2.01 v input7/A (sky130_fd_sc_hd__buf_1)
     2    0.01    0.14    0.20    2.21 v input7/X (sky130_fd_sc_hd__buf_1)
                                         net7 (net)
                  0.14    0.00    2.21 v _21_/B1 (sky130_fd_sc_hd__o31ai_1)
     1    0.00    0.09    0.13    2.34 ^ _21_/Y (sky130_fd_sc_hd__o31ai_1)
                                         _07_ (net)
                  0.09    0.00    2.34 ^ _22_/B (sky130_fd_sc_hd__and2_1)
     1    0.01    0.12    0.26    2.59 ^ _22_/X (sky130_fd_sc_hd__and2_1)
                                         _08_ (net)
                  0.12    0.00    2.59 ^ _23_/A (sky130_fd_sc_hd__clkbuf_1)
     1    0.00    0.08    0.17    2.76 ^ _23_/X (sky130_fd_sc_hd__clkbuf_1)
                                         net15 (net)
                  0.08    0.00    2.76 ^ output15/A (sky130_fd_sc_hd__buf_2)
     1    0.03    0.27    0.33    3.10 ^ output15/X (sky130_fd_sc_hd__buf_2)
                                         LED[6] (net)
                  0.27    0.00    3.10 ^ LED[6] (out)
                                  3.10   data arrival time

                  0.00    0.00    0.00   clock __VIRTUAL_CLK__ (rise edge)
                          0.00    0.00   clock network delay (ideal)
                          0.25    0.25   clock uncertainty
                          0.00    0.25   clock reconvergence pessimism
                         -2.00   -1.75   output external delay
                                 -1.75   data required time
-----------------------------------------------------------------------------
                                 -1.75   data required time
                                 -3.10   data arrival time
-----------------------------------------------------------------------------
                                  4.85   slack (MET)


Startpoint: SW[3] (input port clocked by __VIRTUAL_CLK__)
Endpoint: LED[3] (output port clocked by __VIRTUAL_CLK__)
Path Group: __VIRTUAL_CLK__
Path Type: min
Corner: Slowest

Fanout     Cap    Slew   Delay    Time   Description
-----------------------------------------------------------------------------
                  0.00    0.00    0.00   clock __VIRTUAL_CLK__ (rise edge)
                          0.00    0.00   clock network delay (ideal)
                          2.00    2.00 v input external delay
     1    0.00    0.02    0.01    2.01 v SW[3] (in)
                                         SW[3] (net)
                  0.02    0.00    2.01 v input4/A (sky130_fd_sc_hd__clkbuf_1)
     2    0.01    0.11    0.18    2.19 v input4/X (sky130_fd_sc_hd__clkbuf_1)
                                         net4 (net)
                  0.11    0.00    2.19 v _12_/B1 (sky130_fd_sc_hd__o31a_1)
     1    0.00    0.05    0.19    2.37 v _12_/X (sky130_fd_sc_hd__o31a_1)
                                         _01_ (net)
                  0.05    0.00    2.37 v _14_/A_N (sky130_fd_sc_hd__and2b_1)
     1    0.00    0.10    0.36    2.73 ^ _14_/X (sky130_fd_sc_hd__and2b_1)
                                         _03_ (net)
                  0.10    0.00    2.73 ^ _15_/A (sky130_fd_sc_hd__clkbuf_1)
     1    0.01    0.15    0.21    2.94 ^ _15_/X (sky130_fd_sc_hd__clkbuf_1)
                                         net12 (net)
                  0.15    0.00    2.94 ^ output12/A (sky130_fd_sc_hd__buf_2)
     1    0.03    0.27    0.36    3.30 ^ output12/X (sky130_fd_sc_hd__buf_2)
                                         LED[3] (net)
                  0.27    0.00    3.30 ^ LED[3] (out)
                                  3.30   data arrival time

                  0.00    0.00    0.00   clock __VIRTUAL_CLK__ (rise edge)
                          0.00    0.00   clock network delay (ideal)
                          0.25    0.25   clock uncertainty
                          0.00    0.25   clock reconvergence pessimism
                         -2.00   -1.75   output external delay
                                 -1.75   data required time
-----------------------------------------------------------------------------
                                 -1.75   data required time
                                 -3.30   data arrival time
-----------------------------------------------------------------------------
                                  5.05   slack (MET)



worst slack corner Slowest: 4.4019
======================= Typical Corner ===================================

Startpoint: SW[7] (input port clocked by __VIRTUAL_CLK__)
Endpoint: LED[7] (output port clocked by __VIRTUAL_CLK__)
Path Group: __VIRTUAL_CLK__
Path Type: min
Corner: Typical

Fanout     Cap    Slew   Delay    Time   Description
-----------------------------------------------------------------------------
                  0.00    0.00    0.00   clock __VIRTUAL_CLK__ (rise edge)
                          0.00    0.00   clock network delay (ideal)
                          2.00    2.00 ^ input external delay
     1    0.00    0.02    0.01    2.01 ^ SW[7] (in)
                                         SW[7] (net)
                  0.02    0.00    2.01 ^ input8/A (sky130_fd_sc_hd__clkbuf_1)
     1    0.01    0.08    0.10    2.11 ^ input8/X (sky130_fd_sc_hd__clkbuf_1)
                                         net8 (net)
                  0.08    0.00    2.11 ^ _24_/A (sky130_fd_sc_hd__xor2_1)
     1    0.00    0.04    0.07    2.18 v _24_/X (sky130_fd_sc_hd__xor2_1)
                                         net16 (net)
                  0.04    0.00    2.18 v output16/A (sky130_fd_sc_hd__clkbuf_4)
     1    0.03    0.08    0.17    2.35 v output16/X (sky130_fd_sc_hd__clkbuf_4)
                                         LED[7] (net)
                  0.08    0.00    2.35 v LED[7] (out)
                                  2.35   data arrival time

                  0.00    0.00    0.00   clock __VIRTUAL_CLK__ (rise edge)
                          0.00    0.00   clock network delay (ideal)
                          0.25    0.25   clock uncertainty
                          0.00    0.25   clock reconvergence pessimism
                         -2.00   -1.75   output external delay
                                 -1.75   data required time
-----------------------------------------------------------------------------
                                 -1.75   data required time
                                 -2.35   data arrival time
-----------------------------------------------------------------------------
                                  4.10   slack (MET)


Startpoint: SW[0] (input port clocked by __VIRTUAL_CLK__)
Endpoint: LED[0] (output port clocked by __VIRTUAL_CLK__)
Path Group: __VIRTUAL_CLK__
Path Type: min
Corner: Typical

Fanout     Cap    Slew   Delay    Time   Description
-----------------------------------------------------------------------------
                  0.00    0.00    0.00   clock __VIRTUAL_CLK__ (rise edge)
                          0.00    0.00   clock network delay (ideal)
                          2.00    2.00 v input external delay
     1    0.00    0.01    0.00    2.00 v SW[0] (in)
                                         SW[0] (net)
                  0.01    0.00    2.00 v input1/A (sky130_fd_sc_hd__buf_1)
     5    0.02    0.11    0.13    2.14 v input1/X (sky130_fd_sc_hd__buf_1)
                                         net1 (net)
                  0.11    0.00    2.14 v _27_/A (sky130_fd_sc_hd__clkbuf_1)
     1    0.00    0.02    0.11    2.24 v _27_/X (sky130_fd_sc_hd__clkbuf_1)
                                         net9 (net)
                  0.02    0.00    2.24 v output9/A (sky130_fd_sc_hd__buf_2)
     1    0.03    0.09    0.16    2.40 v output9/X (sky130_fd_sc_hd__buf_2)
                                         LED[0] (net)
                  0.09    0.00    2.40 v LED[0] (out)
                                  2.40   data arrival time

                  0.00    0.00    0.00   clock __VIRTUAL_CLK__ (rise edge)
                          0.00    0.00   clock network delay (ideal)
                          0.25    0.25   clock uncertainty
                          0.00    0.25   clock reconvergence pessimism
                         -2.00   -1.75   output external delay
                                 -1.75   data required time
-----------------------------------------------------------------------------
                                 -1.75   data required time
                                 -2.40   data arrival time
-----------------------------------------------------------------------------
                                  4.15   slack (MET)


Startpoint: SW[5] (input port clocked by __VIRTUAL_CLK__)
Endpoint: LED[5] (output port clocked by __VIRTUAL_CLK__)
Path Group: __VIRTUAL_CLK__
Path Type: min
Corner: Typical

Fanout     Cap    Slew   Delay    Time   Description
-----------------------------------------------------------------------------
                  0.00    0.00    0.00   clock __VIRTUAL_CLK__ (rise edge)
                          0.00    0.00   clock network delay (ideal)
                          2.00    2.00 v input external delay
     1    0.00    0.01    0.00    2.00 v SW[5] (in)
                                         SW[5] (net)
                  0.01    0.00    2.00 v input6/A (sky130_fd_sc_hd__buf_1)
     3    0.01    0.09    0.12    2.12 v input6/X (sky130_fd_sc_hd__buf_1)
                                         net6 (net)
                  0.09    0.00    2.12 v _19_/A (sky130_fd_sc_hd__xnor2_1)
     1    0.00    0.04    0.14    2.26 v _19_/Y (sky130_fd_sc_hd__xnor2_1)
                                         net14 (net)
                  0.04    0.00    2.26 v output14/A (sky130_fd_sc_hd__buf_2)
     1    0.03    0.09    0.17    2.43 v output14/X (sky130_fd_sc_hd__buf_2)
                                         LED[5] (net)
                  0.09    0.00    2.43 v LED[5] (out)
                                  2.43   data arrival time

                  0.00    0.00    0.00   clock __VIRTUAL_CLK__ (rise edge)
                          0.00    0.00   clock network delay (ideal)
                          0.25    0.25   clock uncertainty
                          0.00    0.25   clock reconvergence pessimism
                         -2.00   -1.75   output external delay
                                 -1.75   data required time
-----------------------------------------------------------------------------
                                 -1.75   data required time
                                 -2.43   data arrival time
-----------------------------------------------------------------------------
                                  4.18   slack (MET)


Startpoint: SW[2] (input port clocked by __VIRTUAL_CLK__)
Endpoint: LED[2] (output port clocked by __VIRTUAL_CLK__)
Path Group: __VIRTUAL_CLK__
Path Type: min
Corner: Typical

Fanout     Cap    Slew   Delay    Time   Description
-----------------------------------------------------------------------------
                  0.00    0.00    0.00   clock __VIRTUAL_CLK__ (rise edge)
                          0.00    0.00   clock network delay (ideal)
                          2.00    2.00 v input external delay
     1    0.00    0.01    0.00    2.00 v SW[2] (in)
                                         SW[2] (net)
                  0.01    0.00    2.00 v input3/A (sky130_fd_sc_hd__buf_1)
     3    0.01    0.09    0.11    2.12 v input3/X (sky130_fd_sc_hd__buf_1)
                                         net3 (net)
                  0.09    0.00    2.12 v _11_/A (sky130_fd_sc_hd__xnor2_1)
     1    0.01    0.05    0.14    2.26 v _11_/Y (sky130_fd_sc_hd__xnor2_1)
                                         net11 (net)
                  0.05    0.00    2.26 v output11/A (sky130_fd_sc_hd__buf_2)
     1    0.03    0.09    0.17    2.44 v output11/X (sky130_fd_sc_hd__buf_2)
                                         LED[2] (net)
                  0.09    0.00    2.44 v LED[2] (out)
                                  2.44   data arrival time

                  0.00    0.00    0.00   clock __VIRTUAL_CLK__ (rise edge)
                          0.00    0.00   clock network delay (ideal)
                          0.25    0.25   clock uncertainty
                          0.00    0.25   clock reconvergence pessimism
                         -2.00   -1.75   output external delay
                                 -1.75   data required time
-----------------------------------------------------------------------------
                                 -1.75   data required time
                                 -2.44   data arrival time
-----------------------------------------------------------------------------
                                  4.19   slack (MET)


Startpoint: SW[4] (input port clocked by __VIRTUAL_CLK__)
Endpoint: LED[4] (output port clocked by __VIRTUAL_CLK__)
Path Group: __VIRTUAL_CLK__
Path Type: min
Corner: Typical

Fanout     Cap    Slew   Delay    Time   Description
-----------------------------------------------------------------------------
                  0.00    0.00    0.00   clock __VIRTUAL_CLK__ (rise edge)
                          0.00    0.00   clock network delay (ideal)
                          2.00    2.00 ^ input external delay
     1    0.00    0.02    0.01    2.01 ^ SW[4] (in)
                                         SW[4] (net)
                  0.02    0.00    2.01 ^ input5/A (sky130_fd_sc_hd__buf_1)
     4    0.02    0.19    0.16    2.17 ^ input5/X (sky130_fd_sc_hd__buf_1)
                                         net5 (net)
                  0.19    0.00    2.17 ^ _17_/A (sky130_fd_sc_hd__and2_1)
     1    0.00    0.05    0.15    2.32 ^ _17_/X (sky130_fd_sc_hd__and2_1)
                                         _05_ (net)
                  0.05    0.00    2.32 ^ _18_/B (sky130_fd_sc_hd__nor2_1)
     1    0.01    0.03    0.05    2.37 v _18_/Y (sky130_fd_sc_hd__nor2_1)
                                         net13 (net)
                  0.03    0.00    2.37 v output13/A (sky130_fd_sc_hd__buf_2)
     1    0.03    0.09    0.17    2.54 v output13/X (sky130_fd_sc_hd__buf_2)
                                         LED[4] (net)
                  0.09    0.00    2.54 v LED[4] (out)
                                  2.54   data arrival time

                  0.00    0.00    0.00   clock __VIRTUAL_CLK__ (rise edge)
                          0.00    0.00   clock network delay (ideal)
                          0.25    0.25   clock uncertainty
                          0.00    0.25   clock reconvergence pessimism
                         -2.00   -1.75   output external delay
                                 -1.75   data required time
-----------------------------------------------------------------------------
                                 -1.75   data required time
                                 -2.54   data arrival time
-----------------------------------------------------------------------------
                                  4.29   slack (MET)


Startpoint: SW[1] (input port clocked by __VIRTUAL_CLK__)
Endpoint: LED[1] (output port clocked by __VIRTUAL_CLK__)
Path Group: __VIRTUAL_CLK__
Path Type: min
Corner: Typical

Fanout     Cap    Slew   Delay    Time   Description
-----------------------------------------------------------------------------
                  0.00    0.00    0.00   clock __VIRTUAL_CLK__ (rise edge)
                          0.00    0.00   clock network delay (ideal)
                          2.00    2.00 ^ input external delay
     1    0.00    0.02    0.01    2.01 ^ SW[1] (in)
                                         SW[1] (net)
                  0.02    0.00    2.01 ^ input2/A (sky130_fd_sc_hd__buf_1)
     4    0.02    0.20    0.17    2.18 ^ input2/X (sky130_fd_sc_hd__buf_1)
                                         net2 (net)
                  0.20    0.00    2.18 ^ _25_/A (sky130_fd_sc_hd__and2_1)
     1    0.00    0.07    0.16    2.34 ^ _25_/X (sky130_fd_sc_hd__and2_1)
                                         _09_ (net)
                  0.07    0.00    2.34 ^ _26_/B (sky130_fd_sc_hd__nor2_1)
     1    0.00    0.03    0.04    2.38 v _26_/Y (sky130_fd_sc_hd__nor2_1)
                                         net10 (net)
                  0.03    0.00    2.38 v output10/A (sky130_fd_sc_hd__buf_2)
     1    0.03    0.09    0.16    2.54 v output10/X (sky130_fd_sc_hd__buf_2)
                                         LED[1] (net)
                  0.09    0.00    2.55 v LED[1] (out)
                                  2.55   data arrival time

                  0.00    0.00    0.00   clock __VIRTUAL_CLK__ (rise edge)
                          0.00    0.00   clock network delay (ideal)
                          0.25    0.25   clock uncertainty
                          0.00    0.25   clock reconvergence pessimism
                         -2.00   -1.75   output external delay
                                 -1.75   data required time
-----------------------------------------------------------------------------
                                 -1.75   data required time
                                 -2.55   data arrival time
-----------------------------------------------------------------------------
                                  4.30   slack (MET)


Startpoint: SW[6] (input port clocked by __VIRTUAL_CLK__)
Endpoint: LED[6] (output port clocked by __VIRTUAL_CLK__)
Path Group: __VIRTUAL_CLK__
Path Type: min
Corner: Typical

Fanout     Cap    Slew   Delay    Time   Description
-----------------------------------------------------------------------------
                  0.00    0.00    0.00   clock __VIRTUAL_CLK__ (rise edge)
                          0.00    0.00   clock network delay (ideal)
                          2.00    2.00 v input external delay
     1    0.00    0.01    0.00    2.00 v SW[6] (in)
                                         SW[6] (net)
                  0.01    0.00    2.00 v input7/A (sky130_fd_sc_hd__buf_1)
     2    0.01    0.07    0.11    2.11 v input7/X (sky130_fd_sc_hd__buf_1)
                                         net7 (net)
                  0.07    0.00    2.11 v _21_/B1 (sky130_fd_sc_hd__o31ai_1)
     1    0.00    0.06    0.07    2.18 ^ _21_/Y (sky130_fd_sc_hd__o31ai_1)
                                         _07_ (net)
                  0.06    0.00    2.18 ^ _22_/B (sky130_fd_sc_hd__and2_1)
     1    0.01    0.07    0.13    2.31 ^ _22_/X (sky130_fd_sc_hd__and2_1)
                                         _08_ (net)
                  0.07    0.00    2.31 ^ _23_/A (sky130_fd_sc_hd__clkbuf_1)
     1    0.00    0.05    0.09    2.40 ^ _23_/X (sky130_fd_sc_hd__clkbuf_1)
                                         net15 (net)
                  0.05    0.00    2.40 ^ output15/A (sky130_fd_sc_hd__buf_2)
     1    0.03    0.17    0.19    2.59 ^ output15/X (sky130_fd_sc_hd__buf_2)
                                         LED[6] (net)
                  0.17    0.00    2.59 ^ LED[6] (out)
                                  2.59   data arrival time

                  0.00    0.00    0.00   clock __VIRTUAL_CLK__ (rise edge)
                          0.00    0.00   clock network delay (ideal)
                          0.25    0.25   clock uncertainty
                          0.00    0.25   clock reconvergence pessimism
                         -2.00   -1.75   output external delay
                                 -1.75   data required time
-----------------------------------------------------------------------------
                                 -1.75   data required time
                                 -2.59   data arrival time
-----------------------------------------------------------------------------
                                  4.34   slack (MET)


Startpoint: SW[3] (input port clocked by __VIRTUAL_CLK__)
Endpoint: LED[3] (output port clocked by __VIRTUAL_CLK__)
Path Group: __VIRTUAL_CLK__
Path Type: min
Corner: Typical

Fanout     Cap    Slew   Delay    Time   Description
-----------------------------------------------------------------------------
                  0.00    0.00    0.00   clock __VIRTUAL_CLK__ (rise edge)
                          0.00    0.00   clock network delay (ideal)
                          2.00    2.00 v input external delay
     1    0.00    0.01    0.00    2.00 v SW[3] (in)
                                         SW[3] (net)
                  0.01    0.00    2.00 v input4/A (sky130_fd_sc_hd__clkbuf_1)
     2    0.01    0.06    0.09    2.10 v input4/X (sky130_fd_sc_hd__clkbuf_1)
                                         net4 (net)
                  0.06    0.00    2.10 v _12_/B1 (sky130_fd_sc_hd__o31a_1)
     1    0.00    0.03    0.09    2.19 v _12_/X (sky130_fd_sc_hd__o31a_1)
                                         _01_ (net)
                  0.03    0.00    2.19 v _14_/A_N (sky130_fd_sc_hd__and2b_1)
     1    0.00    0.06    0.18    2.37 ^ _14_/X (sky130_fd_sc_hd__and2b_1)
                                         _03_ (net)
                  0.06    0.00    2.37 ^ _15_/A (sky130_fd_sc_hd__clkbuf_1)
     1    0.01    0.09    0.11    2.49 ^ _15_/X (sky130_fd_sc_hd__clkbuf_1)
                                         net12 (net)
                  0.09    0.00    2.49 ^ output12/A (sky130_fd_sc_hd__buf_2)
     1    0.03    0.17    0.20    2.69 ^ output12/X (sky130_fd_sc_hd__buf_2)
                                         LED[3] (net)
                  0.17    0.00    2.69 ^ LED[3] (out)
                                  2.69   data arrival time

                  0.00    0.00    0.00   clock __VIRTUAL_CLK__ (rise edge)
                          0.00    0.00   clock network delay (ideal)
                          0.25    0.25   clock uncertainty
                          0.00    0.25   clock reconvergence pessimism
                         -2.00   -1.75   output external delay
                                 -1.75   data required time
-----------------------------------------------------------------------------
                                 -1.75   data required time
                                 -2.69   data arrival time
-----------------------------------------------------------------------------
                                  4.44   slack (MET)



worst slack corner Typical: 4.0980
