
===========================================================================
report_checks -unconstrained
===========================================================================
======================= Fastest Corner ===================================

Startpoint: SW[1] (input port clocked by __VIRTUAL_CLK__)
Endpoint: LED[6] (output port clocked by __VIRTUAL_CLK__)
Path Group: __VIRTUAL_CLK__
Path Type: max
Corner: Fastest

Fanout     Cap    Slew   Delay    Time   Description
-----------------------------------------------------------------------------
                  0.00    0.00    0.00   clock __VIRTUAL_CLK__ (rise edge)
                          0.00    0.00   clock network delay (ideal)
                          2.00    2.00 v input external delay
     1    0.00    0.00    0.00    2.00 v SW[1] (in)
                                         SW[1] (net)
                  0.00    0.00    2.00 v input2/A (sky130_fd_sc_hd__buf_1)
     4    0.02    0.07    0.09    2.09 v input2/X (sky130_fd_sc_hd__buf_1)
                                         net2 (net)
                  0.07    0.00    2.10 v _13_/A (sky130_fd_sc_hd__or4_2)
     5    0.02    0.10    0.46    2.55 v _13_/X (sky130_fd_sc_hd__or4_2)
                                         _02_ (net)
                  0.10    0.00    2.55 v _20_/D (sky130_fd_sc_hd__or4_1)
     2    0.01    0.09    0.30    2.85 v _20_/X (sky130_fd_sc_hd__or4_1)
                                         _06_ (net)
                  0.09    0.00    2.85 v _22_/A (sky130_fd_sc_hd__and2_1)
     1    0.01    0.03    0.12    2.98 v _22_/X (sky130_fd_sc_hd__and2_1)
                                         _08_ (net)
                  0.03    0.00    2.98 v _23_/A (sky130_fd_sc_hd__clkbuf_1)
     1    0.00    0.02    0.06    3.04 v _23_/X (sky130_fd_sc_hd__clkbuf_1)
                                         net15 (net)
                  0.02    0.00    3.04 v output15/A (sky130_fd_sc_hd__buf_2)
     1    0.03    0.06    0.12    3.16 v output15/X (sky130_fd_sc_hd__buf_2)
                                         LED[6] (net)
                  0.06    0.00    3.16 v LED[6] (out)
                                  3.16   data arrival time

                  0.00   10.00   10.00   clock __VIRTUAL_CLK__ (rise edge)
                          0.00   10.00   clock network delay (ideal)
                         -0.25    9.75   clock uncertainty
                          0.00    9.75   clock reconvergence pessimism
                         -2.00    7.75   output external delay
                                  7.75   data required time
-----------------------------------------------------------------------------
                                  7.75   data required time
                                 -3.16   data arrival time
-----------------------------------------------------------------------------
                                  4.59   slack (MET)



======================= Slowest Corner ===================================

Startpoint: SW[1] (input port clocked by __VIRTUAL_CLK__)
Endpoint: LED[6] (output port clocked by __VIRTUAL_CLK__)
Path Group: __VIRTUAL_CLK__
Path Type: max
Corner: Slowest

Fanout     Cap    Slew   Delay    Time   Description
-----------------------------------------------------------------------------
                  0.00    0.00    0.00   clock __VIRTUAL_CLK__ (rise edge)
                          0.00    0.00   clock network delay (ideal)
                          2.00    2.00 v input external delay
     1    0.00    0.02    0.01    2.01 v SW[1] (in)
                                         SW[1] (net)
                  0.02    0.00    2.01 v input2/A (sky130_fd_sc_hd__buf_1)
     4    0.02    0.19    0.26    2.27 v input2/X (sky130_fd_sc_hd__buf_1)
                                         net2 (net)
                  0.19    0.00    2.27 v _13_/A (sky130_fd_sc_hd__or4_2)
     5    0.02    0.33    1.89    4.16 v _13_/X (sky130_fd_sc_hd__or4_2)
                                         _02_ (net)
                  0.33    0.00    4.16 v _20_/D (sky130_fd_sc_hd__or4_1)
     2    0.01    0.29    1.26    5.43 v _20_/X (sky130_fd_sc_hd__or4_1)
                                         _06_ (net)
                  0.29    0.00    5.43 v _22_/A (sky130_fd_sc_hd__and2_1)
     1    0.01    0.09    0.43    5.86 v _22_/X (sky130_fd_sc_hd__and2_1)
                                         _08_ (net)
                  0.09    0.00    5.86 v _23_/A (sky130_fd_sc_hd__clkbuf_1)
     1    0.00    0.06    0.19    6.04 v _23_/X (sky130_fd_sc_hd__clkbuf_1)
                                         net15 (net)
                  0.06    0.00    6.04 v output15/A (sky130_fd_sc_hd__buf_2)
     1    0.03    0.17    0.36    6.40 v output15/X (sky130_fd_sc_hd__buf_2)
                                         LED[6] (net)
                  0.17    0.00    6.40 v LED[6] (out)
                                  6.40   data arrival time

                  0.00   10.00   10.00   clock __VIRTUAL_CLK__ (rise edge)
                          0.00   10.00   clock network delay (ideal)
                         -0.25    9.75   clock uncertainty
                          0.00    9.75   clock reconvergence pessimism
                         -2.00    7.75   output external delay
                                  7.75   data required time
-----------------------------------------------------------------------------
                                  7.75   data required time
                                 -6.40   data arrival time
-----------------------------------------------------------------------------
                                  1.35   slack (MET)



======================= Typical Corner ===================================

Startpoint: SW[1] (input port clocked by __VIRTUAL_CLK__)
Endpoint: LED[6] (output port clocked by __VIRTUAL_CLK__)
Path Group: __VIRTUAL_CLK__
Path Type: max
Corner: Typical

Fanout     Cap    Slew   Delay    Time   Description
-----------------------------------------------------------------------------
                  0.00    0.00    0.00   clock __VIRTUAL_CLK__ (rise edge)
                          0.00    0.00   clock network delay (ideal)
                          2.00    2.00 v input external delay
     1    0.00    0.01    0.00    2.00 v SW[1] (in)
                                         SW[1] (net)
                  0.01    0.00    2.00 v input2/A (sky130_fd_sc_hd__buf_1)
     4    0.02    0.10    0.14    2.14 v input2/X (sky130_fd_sc_hd__buf_1)
                                         net2 (net)
                  0.10    0.00    2.14 v _13_/A (sky130_fd_sc_hd__or4_2)
     5    0.02    0.15    0.80    2.94 v _13_/X (sky130_fd_sc_hd__or4_2)
                                         _02_ (net)
                  0.15    0.00    2.94 v _20_/D (sky130_fd_sc_hd__or4_1)
     2    0.01    0.14    0.53    3.47 v _20_/X (sky130_fd_sc_hd__or4_1)
                                         _06_ (net)
                  0.14    0.00    3.47 v _22_/A (sky130_fd_sc_hd__and2_1)
     1    0.01    0.05    0.20    3.67 v _22_/X (sky130_fd_sc_hd__and2_1)
                                         _08_ (net)
                  0.05    0.00    3.67 v _23_/A (sky130_fd_sc_hd__clkbuf_1)
     1    0.00    0.03    0.10    3.77 v _23_/X (sky130_fd_sc_hd__clkbuf_1)
                                         net15 (net)
                  0.03    0.00    3.77 v output15/A (sky130_fd_sc_hd__buf_2)
     1    0.03    0.09    0.18    3.95 v output15/X (sky130_fd_sc_hd__buf_2)
                                         LED[6] (net)
                  0.09    0.00    3.95 v LED[6] (out)
                                  3.95   data arrival time

                  0.00   10.00   10.00   clock __VIRTUAL_CLK__ (rise edge)
                          0.00   10.00   clock network delay (ideal)
                         -0.25    9.75   clock uncertainty
                          0.00    9.75   clock reconvergence pessimism
                         -2.00    7.75   output external delay
                                  7.75   data required time
-----------------------------------------------------------------------------
                                  7.75   data required time
                                 -3.95   data arrival time
-----------------------------------------------------------------------------
                                  3.80   slack (MET)




===========================================================================
report_checks --slack_max -0.01
============================================================================
======================= Fastest Corner ===================================

No paths found.

======================= Slowest Corner ===================================

No paths found.

======================= Typical Corner ===================================

No paths found.


===========================================================================
 report_check_types -max_slew -max_cap -max_fanout -violators
============================================================================
======================= Fastest Corner ===================================


max slew violations count Fastest: 0
max fanout violations count Fastest: 0
max cap violations count Fastest: 0
======================= Slowest Corner ===================================


max slew violations count Slowest: 0
max fanout violations count Slowest: 0
max cap violations count Slowest: 0
======================= Typical Corner ===================================


max slew violations count Typical: 0
max fanout violations count Typical: 0
max cap violations count Typical: 0

===========================================================================
report_parasitic_annotation -report_unannotated
============================================================================
Found 0 unannotated drivers.
Found 0 partially unannotated drivers.

===========================================================================
max slew violation count 0
max fanout violation count 0
max cap violation count 0
============================================================================

===========================================================================
check_setup -verbose -unconstrained_endpoints -multiple_clock -no_clock -no_input_delay -loops -generated_clocks
===========================================================================
