
===========================================================================
 report_power
============================================================================
======================= Fastest Corner ===================================

Group                  Internal  Switching    Leakage      Total
                          Power      Power      Power      Power (Watts)
----------------------------------------------------------------
Sequential             0.00e+00   0.00e+00   0.00e+00   0.00e+00   0.0%
Combinational          4.63e-06   1.07e-05   1.49e-10   1.54e-05 100.0%
Clock                  0.00e+00   0.00e+00   1.40e-10   1.40e-10   0.0%
Macro                  0.00e+00   0.00e+00   0.00e+00   0.00e+00   0.0%
Pad                    0.00e+00   0.00e+00   0.00e+00   0.00e+00   0.0%
----------------------------------------------------------------
Total                  4.63e-06   1.07e-05   2.90e-10   1.54e-05 100.0%
                          30.1%      69.9%       0.0%

======================= Slowest Corner ===================================

Group                  Internal  Switching    Leakage      Total
                          Power      Power      Power      Power (Watts)
----------------------------------------------------------------
Sequential             0.00e+00   0.00e+00   0.00e+00   0.00e+00   0.0%
Combinational          3.45e-06   7.16e-06   1.41e-07   1.07e-05 100.0%
Clock                  0.00e+00   0.00e+00   1.40e-10   1.40e-10   0.0%
Macro                  0.00e+00   0.00e+00   0.00e+00   0.00e+00   0.0%
Pad                    0.00e+00   0.00e+00   0.00e+00   0.00e+00   0.0%
----------------------------------------------------------------
Total                  3.45e-06   7.16e-06   1.41e-07   1.07e-05 100.0%
                          32.1%      66.6%       1.3%

======================= Typical Corner ===================================

Group                  Internal  Switching    Leakage      Total
                          Power      Power      Power      Power (Watts)
----------------------------------------------------------------
Sequential             0.00e+00   0.00e+00   0.00e+00   0.00e+00   0.0%
Combinational          4.17e-06   9.10e-06   7.67e-11   1.33e-05 100.0%
Clock                  0.00e+00   0.00e+00   1.40e-10   1.40e-10   0.0%
Macro                  0.00e+00   0.00e+00   0.00e+00   0.00e+00   0.0%
Pad                    0.00e+00   0.00e+00   0.00e+00   0.00e+00   0.0%
----------------------------------------------------------------
Total                  4.17e-06   9.10e-06   2.17e-10   1.33e-05 100.0%
                          31.4%      68.6%       0.0%

