
===========================================================================
report_checks -path_delay max (Setup)
============================================================================
======================= Fastest Corner ===================================

Startpoint: SW[1] (input port clocked by __VIRTUAL_CLK__)
Endpoint: LED[6] (output port clocked by __VIRTUAL_CLK__)
Path Group: __VIRTUAL_CLK__
Path Type: max
Corner: Fastest

Fanout     Cap    Slew   Delay    Time   Description
-----------------------------------------------------------------------------
                  0.00    0.00    0.00   clock __VIRTUAL_CLK__ (rise edge)
                          0.00    0.00   clock network delay (ideal)
                          2.00    2.00 v input external delay
     1    0.00    0.00    0.00    2.00 v SW[1] (in)
                                         SW[1] (net)
                  0.00    0.00    2.00 v input2/A (sky130_fd_sc_hd__buf_1)
     4    0.01    0.06    0.09    2.09 v input2/X (sky130_fd_sc_hd__buf_1)
                                         net2 (net)
                  0.06    0.00    2.09 v _13_/A (sky130_fd_sc_hd__or4_2)
     5    0.02    0.10    0.45    2.54 v _13_/X (sky130_fd_sc_hd__or4_2)
                                         _02_ (net)
                  0.10    0.00    2.54 v _20_/D (sky130_fd_sc_hd__or4_1)
     2    0.01    0.09    0.29    2.83 v _20_/X (sky130_fd_sc_hd__or4_1)
                                         _06_ (net)
                  0.09    0.00    2.83 v _22_/A (sky130_fd_sc_hd__and2_1)
     1    0.01    0.03    0.12    2.95 v _22_/X (sky130_fd_sc_hd__and2_1)
                                         _08_ (net)
                  0.03    0.00    2.95 v _23_/A (sky130_fd_sc_hd__clkbuf_1)
     1    0.00    0.02    0.06    3.02 v _23_/X (sky130_fd_sc_hd__clkbuf_1)
                                         net15 (net)
                  0.02    0.00    3.02 v output15/A (sky130_fd_sc_hd__buf_2)
     1    0.03    0.06    0.12    3.13 v output15/X (sky130_fd_sc_hd__buf_2)
                                         LED[6] (net)
                  0.06    0.00    3.14 v LED[6] (out)
                                  3.14   data arrival time

                  0.00   10.00   10.00   clock __VIRTUAL_CLK__ (rise edge)
                          0.00   10.00   clock network delay (ideal)
                         -0.25    9.75   clock uncertainty
                          0.00    9.75   clock reconvergence pessimism
                         -2.00    7.75   output external delay
                                  7.75   data required time
-----------------------------------------------------------------------------
                                  7.75   data required time
                                 -3.14   data arrival time
-----------------------------------------------------------------------------
                                  4.61   slack (MET)


Startpoint: SW[1] (input port clocked by __VIRTUAL_CLK__)
Endpoint: LED[7] (output port clocked by __VIRTUAL_CLK__)
Path Group: __VIRTUAL_CLK__
Path Type: max
Corner: Fastest

Fanout     Cap    Slew   Delay    Time   Description
-----------------------------------------------------------------------------
                  0.00    0.00    0.00   clock __VIRTUAL_CLK__ (rise edge)
                          0.00    0.00   clock network delay (ideal)
                          2.00    2.00 v input external delay
     1    0.00    0.00    0.00    2.00 v SW[1] (in)
                                         SW[1] (net)
                  0.00    0.00    2.00 v input2/A (sky130_fd_sc_hd__buf_1)
     4    0.01    0.06    0.09    2.09 v input2/X (sky130_fd_sc_hd__buf_1)
                                         net2 (net)
                  0.06    0.00    2.09 v _13_/A (sky130_fd_sc_hd__or4_2)
     5    0.02    0.10    0.45    2.54 v _13_/X (sky130_fd_sc_hd__or4_2)
                                         _02_ (net)
                  0.10    0.00    2.54 v _20_/D (sky130_fd_sc_hd__or4_1)
     2    0.01    0.09    0.29    2.83 v _20_/X (sky130_fd_sc_hd__or4_1)
                                         _06_ (net)
                  0.09    0.00    2.83 v _24_/B (sky130_fd_sc_hd__xor2_1)
     1    0.00    0.09    0.11    2.95 ^ _24_/X (sky130_fd_sc_hd__xor2_1)
                                         net16 (net)
                  0.09    0.00    2.95 ^ output16/A (sky130_fd_sc_hd__clkbuf_4)
     1    0.03    0.08    0.15    3.10 ^ output16/X (sky130_fd_sc_hd__clkbuf_4)
                                         LED[7] (net)
                  0.08    0.00    3.10 ^ LED[7] (out)
                                  3.10   data arrival time

                  0.00   10.00   10.00   clock __VIRTUAL_CLK__ (rise edge)
                          0.00   10.00   clock network delay (ideal)
                         -0.25    9.75   clock uncertainty
                          0.00    9.75   clock reconvergence pessimism
                         -2.00    7.75   output external delay
                                  7.75   data required time
-----------------------------------------------------------------------------
                                  7.75   data required time
                                 -3.10   data arrival time
-----------------------------------------------------------------------------
                                  4.65   slack (MET)


Startpoint: SW[1] (input port clocked by __VIRTUAL_CLK__)
Endpoint: LED[5] (output port clocked by __VIRTUAL_CLK__)
Path Group: __VIRTUAL_CLK__
Path Type: max
Corner: Fastest

Fanout     Cap    Slew   Delay    Time   Description
-----------------------------------------------------------------------------
                  0.00    0.00    0.00   clock __VIRTUAL_CLK__ (rise edge)
                          0.00    0.00   clock network delay (ideal)
                          2.00    2.00 v input external delay
     1    0.00    0.00    0.00    2.00 v SW[1] (in)
                                         SW[1] (net)
                  0.00    0.00    2.00 v input2/A (sky130_fd_sc_hd__buf_1)
     4    0.01    0.06    0.09    2.09 v input2/X (sky130_fd_sc_hd__buf_1)
                                         net2 (net)
                  0.06    0.00    2.09 v _13_/A (sky130_fd_sc_hd__or4_2)
     5    0.02    0.10    0.45    2.54 v _13_/X (sky130_fd_sc_hd__or4_2)
                                         _02_ (net)
                  0.10    0.00    2.54 v _16_/B (sky130_fd_sc_hd__nor2_1)
     2    0.01    0.15    0.16    2.70 ^ _16_/Y (sky130_fd_sc_hd__nor2_1)
                                         _04_ (net)
                  0.15    0.00    2.70 ^ _19_/B (sky130_fd_sc_hd__xnor2_1)
     1    0.00    0.09    0.09    2.78 ^ _19_/Y (sky130_fd_sc_hd__xnor2_1)
                                         net14 (net)
                  0.09    0.00    2.78 ^ output14/A (sky130_fd_sc_hd__buf_2)
     1    0.03    0.13    0.16    2.94 ^ output14/X (sky130_fd_sc_hd__buf_2)
                                         LED[5] (net)
                  0.13    0.00    2.94 ^ LED[5] (out)
                                  2.94   data arrival time

                  0.00   10.00   10.00   clock __VIRTUAL_CLK__ (rise edge)
                          0.00   10.00   clock network delay (ideal)
                         -0.25    9.75   clock uncertainty
                          0.00    9.75   clock reconvergence pessimism
                         -2.00    7.75   output external delay
                                  7.75   data required time
-----------------------------------------------------------------------------
                                  7.75   data required time
                                 -2.94   data arrival time
-----------------------------------------------------------------------------
                                  4.81   slack (MET)


Startpoint: SW[1] (input port clocked by __VIRTUAL_CLK__)
Endpoint: LED[4] (output port clocked by __VIRTUAL_CLK__)
Path Group: __VIRTUAL_CLK__
Path Type: max
Corner: Fastest

Fanout     Cap    Slew   Delay    Time   Description
-----------------------------------------------------------------------------
                  0.00    0.00    0.00   clock __VIRTUAL_CLK__ (rise edge)
                          0.00    0.00   clock network delay (ideal)
                          2.00    2.00 v input external delay
     1    0.00    0.00    0.00    2.00 v SW[1] (in)
                                         SW[1] (net)
                  0.00    0.00    2.00 v input2/A (sky130_fd_sc_hd__buf_1)
     4    0.01    0.06    0.09    2.09 v input2/X (sky130_fd_sc_hd__buf_1)
                                         net2 (net)
                  0.06    0.00    2.09 v _13_/A (sky130_fd_sc_hd__or4_2)
     5    0.02    0.10    0.45    2.54 v _13_/X (sky130_fd_sc_hd__or4_2)
                                         _02_ (net)
                  0.10    0.00    2.54 v _17_/B (sky130_fd_sc_hd__and2_1)
     1    0.00    0.03    0.13    2.67 v _17_/X (sky130_fd_sc_hd__and2_1)
                                         _05_ (net)
                  0.03    0.00    2.67 v _18_/B (sky130_fd_sc_hd__nor2_1)
     1    0.01    0.08    0.08    2.75 ^ _18_/Y (sky130_fd_sc_hd__nor2_1)
                                         net13 (net)
                  0.08    0.00    2.75 ^ output13/A (sky130_fd_sc_hd__buf_2)
     1    0.03    0.13    0.16    2.91 ^ output13/X (sky130_fd_sc_hd__buf_2)
                                         LED[4] (net)
                  0.13    0.00    2.91 ^ LED[4] (out)
                                  2.91   data arrival time

                  0.00   10.00   10.00   clock __VIRTUAL_CLK__ (rise edge)
                          0.00   10.00   clock network delay (ideal)
                         -0.25    9.75   clock uncertainty
                          0.00    9.75   clock reconvergence pessimism
                         -2.00    7.75   output external delay
                                  7.75   data required time
-----------------------------------------------------------------------------
                                  7.75   data required time
                                 -2.91   data arrival time
-----------------------------------------------------------------------------
                                  4.84   slack (MET)


Startpoint: SW[1] (input port clocked by __VIRTUAL_CLK__)
Endpoint: LED[3] (output port clocked by __VIRTUAL_CLK__)
Path Group: __VIRTUAL_CLK__
Path Type: max
Corner: Fastest

Fanout     Cap    Slew   Delay    Time   Description
-----------------------------------------------------------------------------
                  0.00    0.00    0.00   clock __VIRTUAL_CLK__ (rise edge)
                          0.00    0.00   clock network delay (ideal)
                          2.00    2.00 v input external delay
     1    0.00    0.00    0.00    2.00 v SW[1] (in)
                                         SW[1] (net)
                  0.00    0.00    2.00 v input2/A (sky130_fd_sc_hd__buf_1)
     4    0.01    0.06    0.09    2.09 v input2/X (sky130_fd_sc_hd__buf_1)
                                         net2 (net)
                  0.06    0.00    2.09 v _13_/A (sky130_fd_sc_hd__or4_2)
     5    0.02    0.10    0.45    2.54 v _13_/X (sky130_fd_sc_hd__or4_2)
                                         _02_ (net)
                  0.10    0.00    2.54 v _14_/B (sky130_fd_sc_hd__and2b_1)
     1    0.00    0.03    0.14    2.68 v _14_/X (sky130_fd_sc_hd__and2b_1)
                                         _03_ (net)
                  0.03    0.00    2.68 v _15_/A (sky130_fd_sc_hd__clkbuf_1)
     1    0.01    0.03    0.07    2.75 v _15_/X (sky130_fd_sc_hd__clkbuf_1)
                                         net12 (net)
                  0.03    0.00    2.75 v output12/A (sky130_fd_sc_hd__buf_2)
     1    0.03    0.06    0.12    2.87 v output12/X (sky130_fd_sc_hd__buf_2)
                                         LED[3] (net)
                  0.06    0.00    2.87 v LED[3] (out)
                                  2.87   data arrival time

                  0.00   10.00   10.00   clock __VIRTUAL_CLK__ (rise edge)
                          0.00   10.00   clock network delay (ideal)
                         -0.25    9.75   clock uncertainty
                          0.00    9.75   clock reconvergence pessimism
                         -2.00    7.75   output external delay
                                  7.75   data required time
-----------------------------------------------------------------------------
                                  7.75   data required time
                                 -2.87   data arrival time
-----------------------------------------------------------------------------
                                  4.88   slack (MET)


Startpoint: SW[0] (input port clocked by __VIRTUAL_CLK__)
Endpoint: LED[2] (output port clocked by __VIRTUAL_CLK__)
Path Group: __VIRTUAL_CLK__
Path Type: max
Corner: Fastest

Fanout     Cap    Slew   Delay    Time   Description
-----------------------------------------------------------------------------
                  0.00    0.00    0.00   clock __VIRTUAL_CLK__ (rise edge)
                          0.00    0.00   clock network delay (ideal)
                          2.00    2.00 ^ input external delay
     1    0.00    0.02    0.01    2.01 ^ SW[0] (in)
                                         SW[0] (net)
                  0.02    0.00    2.01 ^ input1/A (sky130_fd_sc_hd__buf_1)
     5    0.02    0.16    0.15    2.15 ^ input1/X (sky130_fd_sc_hd__buf_1)
                                         net1 (net)
                  0.16    0.00    2.15 ^ _10_/B (sky130_fd_sc_hd__nor2_1)
     2    0.01    0.06    0.06    2.21 v _10_/Y (sky130_fd_sc_hd__nor2_1)
                                         _00_ (net)
                  0.06    0.00    2.21 v _11_/B (sky130_fd_sc_hd__xnor2_1)
     1    0.00    0.11    0.12    2.33 ^ _11_/Y (sky130_fd_sc_hd__xnor2_1)
                                         net11 (net)
                  0.11    0.00    2.33 ^ output11/A (sky130_fd_sc_hd__buf_2)
     1    0.03    0.13    0.16    2.50 ^ output11/X (sky130_fd_sc_hd__buf_2)
                                         LED[2] (net)
                  0.13    0.00    2.50 ^ LED[2] (out)
                                  2.50   data arrival time

                  0.00   10.00   10.00   clock __VIRTUAL_CLK__ (rise edge)
                          0.00   10.00   clock network delay (ideal)
                         -0.25    9.75   clock uncertainty
                          0.00    9.75   clock reconvergence pessimism
                         -2.00    7.75   output external delay
                                  7.75   data required time
-----------------------------------------------------------------------------
                                  7.75   data required time
                                 -2.50   data arrival time
-----------------------------------------------------------------------------
                                  5.25   slack (MET)


Startpoint: SW[0] (input port clocked by __VIRTUAL_CLK__)
Endpoint: LED[1] (output port clocked by __VIRTUAL_CLK__)
Path Group: __VIRTUAL_CLK__
Path Type: max
Corner: Fastest

Fanout     Cap    Slew   Delay    Time   Description
-----------------------------------------------------------------------------
                  0.00    0.00    0.00   clock __VIRTUAL_CLK__ (rise edge)
                          0.00    0.00   clock network delay (ideal)
                          2.00    2.00 ^ input external delay
     1    0.00    0.02    0.01    2.01 ^ SW[0] (in)
                                         SW[0] (net)
                  0.02    0.00    2.01 ^ input1/A (sky130_fd_sc_hd__buf_1)
     5    0.02    0.16    0.15    2.15 ^ input1/X (sky130_fd_sc_hd__buf_1)
                                         net1 (net)
                  0.16    0.00    2.15 ^ _10_/B (sky130_fd_sc_hd__nor2_1)
     2    0.01    0.06    0.06    2.21 v _10_/Y (sky130_fd_sc_hd__nor2_1)
                                         _00_ (net)
                  0.06    0.00    2.21 v _26_/A (sky130_fd_sc_hd__nor2_1)
     1    0.00    0.06    0.08    2.30 ^ _26_/Y (sky130_fd_sc_hd__nor2_1)
                                         net10 (net)
                  0.06    0.00    2.30 ^ output10/A (sky130_fd_sc_hd__buf_2)
     1    0.03    0.13    0.15    2.45 ^ output10/X (sky130_fd_sc_hd__buf_2)
                                         LED[1] (net)
                  0.13    0.00    2.45 ^ LED[1] (out)
                                  2.45   data arrival time

                  0.00   10.00   10.00   clock __VIRTUAL_CLK__ (rise edge)
                          0.00   10.00   clock network delay (ideal)
                         -0.25    9.75   clock uncertainty
                          0.00    9.75   clock reconvergence pessimism
                         -2.00    7.75   output external delay
                                  7.75   data required time
-----------------------------------------------------------------------------
                                  7.75   data required time
                                 -2.45   data arrival time
-----------------------------------------------------------------------------
                                  5.30   slack (MET)


Startpoint: SW[0] (input port clocked by __VIRTUAL_CLK__)
Endpoint: LED[0] (output port clocked by __VIRTUAL_CLK__)
Path Group: __VIRTUAL_CLK__
Path Type: max
Corner: Fastest

Fanout     Cap    Slew   Delay    Time   Description
-----------------------------------------------------------------------------
                  0.00    0.00    0.00   clock __VIRTUAL_CLK__ (rise edge)
                          0.00    0.00   clock network delay (ideal)
                          2.00    2.00 ^ input external delay
     1    0.00    0.02    0.01    2.01 ^ SW[0] (in)
                                         SW[0] (net)
                  0.02    0.00    2.01 ^ input1/A (sky130_fd_sc_hd__buf_1)
     5    0.02    0.16    0.15    2.15 ^ input1/X (sky130_fd_sc_hd__buf_1)
                                         net1 (net)
                  0.16    0.00    2.15 ^ _27_/A (sky130_fd_sc_hd__clkbuf_1)
     1    0.00    0.03    0.06    2.21 ^ _27_/X (sky130_fd_sc_hd__clkbuf_1)
                                         net9 (net)
                  0.03    0.00    2.21 ^ output9/A (sky130_fd_sc_hd__buf_2)
     1    0.03    0.13    0.14    2.36 ^ output9/X (sky130_fd_sc_hd__buf_2)
                                         LED[0] (net)
                  0.13    0.00    2.36 ^ LED[0] (out)
                                  2.36   data arrival time

                  0.00   10.00   10.00   clock __VIRTUAL_CLK__ (rise edge)
                          0.00   10.00   clock network delay (ideal)
                         -0.25    9.75   clock uncertainty
                          0.00    9.75   clock reconvergence pessimism
                         -2.00    7.75   output external delay
                                  7.75   data required time
-----------------------------------------------------------------------------
                                  7.75   data required time
                                 -2.36   data arrival time
-----------------------------------------------------------------------------
                                  5.39   slack (MET)



worst slack corner Fastest: 4.6148
======================= Slowest Corner ===================================

Startpoint: SW[1] (input port clocked by __VIRTUAL_CLK__)
Endpoint: LED[6] (output port clocked by __VIRTUAL_CLK__)
Path Group: __VIRTUAL_CLK__
Path Type: max
Corner: Slowest

Fanout     Cap    Slew   Delay    Time   Description
-----------------------------------------------------------------------------
                  0.00    0.00    0.00   clock __VIRTUAL_CLK__ (rise edge)
                          0.00    0.00   clock network delay (ideal)
                          2.00    2.00 v input external delay
     1    0.00    0.02    0.01    2.01 v SW[1] (in)
                                         SW[1] (net)
                  0.02    0.00    2.01 v input2/A (sky130_fd_sc_hd__buf_1)
     4    0.01    0.17    0.25    2.26 v input2/X (sky130_fd_sc_hd__buf_1)
                                         net2 (net)
                  0.17    0.00    2.26 v _13_/A (sky130_fd_sc_hd__or4_2)
     5    0.02    0.32    1.86    4.12 v _13_/X (sky130_fd_sc_hd__or4_2)
                                         _02_ (net)
                  0.32    0.00    4.12 v _20_/D (sky130_fd_sc_hd__or4_1)
     2    0.01    0.27    1.24    5.36 v _20_/X (sky130_fd_sc_hd__or4_1)
                                         _06_ (net)
                  0.27    0.00    5.36 v _22_/A (sky130_fd_sc_hd__and2_1)
     1    0.01    0.09    0.42    5.77 v _22_/X (sky130_fd_sc_hd__and2_1)
                                         _08_ (net)
                  0.09    0.00    5.77 v _23_/A (sky130_fd_sc_hd__clkbuf_1)
     1    0.00    0.05    0.18    5.95 v _23_/X (sky130_fd_sc_hd__clkbuf_1)
                                         net15 (net)
                  0.05    0.00    5.95 v output15/A (sky130_fd_sc_hd__buf_2)
     1    0.03    0.17    0.35    6.31 v output15/X (sky130_fd_sc_hd__buf_2)
                                         LED[6] (net)
                  0.17    0.00    6.31 v LED[6] (out)
                                  6.31   data arrival time

                  0.00   10.00   10.00   clock __VIRTUAL_CLK__ (rise edge)
                          0.00   10.00   clock network delay (ideal)
                         -0.25    9.75   clock uncertainty
                          0.00    9.75   clock reconvergence pessimism
                         -2.00    7.75   output external delay
                                  7.75   data required time
-----------------------------------------------------------------------------
                                  7.75   data required time
                                 -6.31   data arrival time
-----------------------------------------------------------------------------
                                  1.44   slack (MET)


Startpoint: SW[1] (input port clocked by __VIRTUAL_CLK__)
Endpoint: LED[7] (output port clocked by __VIRTUAL_CLK__)
Path Group: __VIRTUAL_CLK__
Path Type: max
Corner: Slowest

Fanout     Cap    Slew   Delay    Time   Description
-----------------------------------------------------------------------------
                  0.00    0.00    0.00   clock __VIRTUAL_CLK__ (rise edge)
                          0.00    0.00   clock network delay (ideal)
                          2.00    2.00 v input external delay
     1    0.00    0.02    0.01    2.01 v SW[1] (in)
                                         SW[1] (net)
                  0.02    0.00    2.01 v input2/A (sky130_fd_sc_hd__buf_1)
     4    0.01    0.17    0.25    2.26 v input2/X (sky130_fd_sc_hd__buf_1)
                                         net2 (net)
                  0.17    0.00    2.26 v _13_/A (sky130_fd_sc_hd__or4_2)
     5    0.02    0.32    1.86    4.12 v _13_/X (sky130_fd_sc_hd__or4_2)
                                         _02_ (net)
                  0.32    0.00    4.12 v _20_/D (sky130_fd_sc_hd__or4_1)
     2    0.01    0.27    1.24    5.36 v _20_/X (sky130_fd_sc_hd__or4_1)
                                         _06_ (net)
                  0.27    0.00    5.36 v _24_/B (sky130_fd_sc_hd__xor2_1)
     1    0.00    0.20    0.32    5.67 ^ _24_/X (sky130_fd_sc_hd__xor2_1)
                                         net16 (net)
                  0.20    0.00    5.67 ^ output16/A (sky130_fd_sc_hd__clkbuf_4)
     1    0.03    0.18    0.41    6.08 ^ output16/X (sky130_fd_sc_hd__clkbuf_4)
                                         LED[7] (net)
                  0.18    0.00    6.08 ^ LED[7] (out)
                                  6.08   data arrival time

                  0.00   10.00   10.00   clock __VIRTUAL_CLK__ (rise edge)
                          0.00   10.00   clock network delay (ideal)
                         -0.25    9.75   clock uncertainty
                          0.00    9.75   clock reconvergence pessimism
                         -2.00    7.75   output external delay
                                  7.75   data required time
-----------------------------------------------------------------------------
                                  7.75   data required time
                                 -6.08   data arrival time
-----------------------------------------------------------------------------
                                  1.67   slack (MET)


Startpoint: SW[1] (input port clocked by __VIRTUAL_CLK__)
Endpoint: LED[5] (output port clocked by __VIRTUAL_CLK__)
Path Group: __VIRTUAL_CLK__
Path Type: max
Corner: Slowest

Fanout     Cap    Slew   Delay    Time   Description
-----------------------------------------------------------------------------
                  0.00    0.00    0.00   clock __VIRTUAL_CLK__ (rise edge)
                          0.00    0.00   clock network delay (ideal)
                          2.00    2.00 v input external delay
     1    0.00    0.02    0.01    2.01 v SW[1] (in)
                                         SW[1] (net)
                  0.02    0.00    2.01 v input2/A (sky130_fd_sc_hd__buf_1)
     4    0.01    0.17    0.25    2.26 v input2/X (sky130_fd_sc_hd__buf_1)
                                         net2 (net)
                  0.17    0.00    2.26 v _13_/A (sky130_fd_sc_hd__or4_2)
     5    0.02    0.32    1.86    4.12 v _13_/X (sky130_fd_sc_hd__or4_2)
                                         _02_ (net)
                  0.32    0.00    4.12 v _16_/B (sky130_fd_sc_hd__nor2_1)
     2    0.01    0.35    0.42    4.54 ^ _16_/Y (sky130_fd_sc_hd__nor2_1)
                                         _04_ (net)
                  0.35    0.00    4.54 ^ _19_/B (sky130_fd_sc_hd__xnor2_1)
     1    0.00    0.22    0.32    4.86 ^ _19_/Y (sky130_fd_sc_hd__xnor2_1)
                                         net14 (net)
                  0.22    0.00    4.86 ^ output14/A (sky130_fd_sc_hd__buf_2)
     1    0.03    0.27    0.43    5.29 ^ output14/X (sky130_fd_sc_hd__buf_2)
                                         LED[5] (net)
                  0.27    0.00    5.29 ^ LED[5] (out)
                                  5.29   data arrival time

                  0.00   10.00   10.00   clock __VIRTUAL_CLK__ (rise edge)
                          0.00   10.00   clock network delay (ideal)
                         -0.25    9.75   clock uncertainty
                          0.00    9.75   clock reconvergence pessimism
                         -2.00    7.75   output external delay
                                  7.75   data required time
-----------------------------------------------------------------------------
                                  7.75   data required time
                                 -5.29   data arrival time
-----------------------------------------------------------------------------
                                  2.46   slack (MET)


Startpoint: SW[1] (input port clocked by __VIRTUAL_CLK__)
Endpoint: LED[4] (output port clocked by __VIRTUAL_CLK__)
Path Group: __VIRTUAL_CLK__
Path Type: max
Corner: Slowest

Fanout     Cap    Slew   Delay    Time   Description
-----------------------------------------------------------------------------
                  0.00    0.00    0.00   clock __VIRTUAL_CLK__ (rise edge)
                          0.00    0.00   clock network delay (ideal)
                          2.00    2.00 v input external delay
     1    0.00    0.02    0.01    2.01 v SW[1] (in)
                                         SW[1] (net)
                  0.02    0.00    2.01 v input2/A (sky130_fd_sc_hd__buf_1)
     4    0.01    0.17    0.25    2.26 v input2/X (sky130_fd_sc_hd__buf_1)
                                         net2 (net)
                  0.17    0.00    2.26 v _13_/A (sky130_fd_sc_hd__or4_2)
     5    0.02    0.32    1.86    4.12 v _13_/X (sky130_fd_sc_hd__or4_2)
                                         _02_ (net)
                  0.32    0.00    4.12 v _17_/B (sky130_fd_sc_hd__and2_1)
     1    0.00    0.07    0.46    4.58 v _17_/X (sky130_fd_sc_hd__and2_1)
                                         _05_ (net)
                  0.07    0.00    4.58 v _18_/B (sky130_fd_sc_hd__nor2_1)
     1    0.01    0.20    0.21    4.79 ^ _18_/Y (sky130_fd_sc_hd__nor2_1)
                                         net13 (net)
                  0.20    0.00    4.79 ^ output13/A (sky130_fd_sc_hd__buf_2)
     1    0.03    0.27    0.42    5.21 ^ output13/X (sky130_fd_sc_hd__buf_2)
                                         LED[4] (net)
                  0.27    0.00    5.21 ^ LED[4] (out)
                                  5.21   data arrival time

                  0.00   10.00   10.00   clock __VIRTUAL_CLK__ (rise edge)
                          0.00   10.00   clock network delay (ideal)
                         -0.25    9.75   clock uncertainty
                          0.00    9.75   clock reconvergence pessimism
                         -2.00    7.75   output external delay
                                  7.75   data required time
-----------------------------------------------------------------------------
                                  7.75   data required time
                                 -5.21   data arrival time
-----------------------------------------------------------------------------
                                  2.54   slack (MET)


Startpoint: SW[1] (input port clocked by __VIRTUAL_CLK__)
Endpoint: LED[3] (output port clocked by __VIRTUAL_CLK__)
Path Group: __VIRTUAL_CLK__
Path Type: max
Corner: Slowest

Fanout     Cap    Slew   Delay    Time   Description
-----------------------------------------------------------------------------
                  0.00    0.00    0.00   clock __VIRTUAL_CLK__ (rise edge)
                          0.00    0.00   clock network delay (ideal)
                          2.00    2.00 v input external delay
     1    0.00    0.02    0.01    2.01 v SW[1] (in)
                                         SW[1] (net)
                  0.02    0.00    2.01 v input2/A (sky130_fd_sc_hd__buf_1)
     4    0.01    0.17    0.25    2.26 v input2/X (sky130_fd_sc_hd__buf_1)
                                         net2 (net)
                  0.17    0.00    2.26 v _13_/A (sky130_fd_sc_hd__or4_2)
     5    0.02    0.32    1.86    4.12 v _13_/X (sky130_fd_sc_hd__or4_2)
                                         _02_ (net)
                  0.32    0.00    4.12 v _14_/B (sky130_fd_sc_hd__and2b_1)
     1    0.00    0.08    0.48    4.60 v _14_/X (sky130_fd_sc_hd__and2b_1)
                                         _03_ (net)
                  0.08    0.00    4.60 v _15_/A (sky130_fd_sc_hd__clkbuf_1)
     1    0.01    0.09    0.21    4.81 v _15_/X (sky130_fd_sc_hd__clkbuf_1)
                                         net12 (net)
                  0.09    0.00    4.81 v output12/A (sky130_fd_sc_hd__buf_2)
     1    0.03    0.16    0.37    5.18 v output12/X (sky130_fd_sc_hd__buf_2)
                                         LED[3] (net)
                  0.16    0.00    5.18 v LED[3] (out)
                                  5.18   data arrival time

                  0.00   10.00   10.00   clock __VIRTUAL_CLK__ (rise edge)
                          0.00   10.00   clock network delay (ideal)
                         -0.25    9.75   clock uncertainty
                          0.00    9.75   clock reconvergence pessimism
                         -2.00    7.75   output external delay
                                  7.75   data required time
-----------------------------------------------------------------------------
                                  7.75   data required time
                                 -5.18   data arrival time
-----------------------------------------------------------------------------
                                  2.57   slack (MET)


Startpoint: SW[0] (input port clocked by __VIRTUAL_CLK__)
Endpoint: LED[2] (output port clocked by __VIRTUAL_CLK__)
Path Group: __VIRTUAL_CLK__
Path Type: max
Corner: Slowest

Fanout     Cap    Slew   Delay    Time   Description
-----------------------------------------------------------------------------
                  0.00    0.00    0.00   clock __VIRTUAL_CLK__ (rise edge)
                          0.00    0.00   clock network delay (ideal)
                          2.00    2.00 v input external delay
     1    0.00    0.02    0.01    2.01 v SW[0] (in)
                                         SW[0] (net)
                  0.02    0.00    2.01 v input1/A (sky130_fd_sc_hd__buf_1)
     5    0.02    0.20    0.27    2.28 v input1/X (sky130_fd_sc_hd__buf_1)
                                         net1 (net)
                  0.20    0.00    2.28 v _10_/B (sky130_fd_sc_hd__nor2_1)
     2    0.01    0.31    0.34    2.62 ^ _10_/Y (sky130_fd_sc_hd__nor2_1)
                                         _00_ (net)
                  0.31    0.00    2.62 ^ _11_/B (sky130_fd_sc_hd__xnor2_1)
     1    0.00    0.25    0.32    2.94 ^ _11_/Y (sky130_fd_sc_hd__xnor2_1)
                                         net11 (net)
                  0.25    0.00    2.94 ^ output11/A (sky130_fd_sc_hd__buf_2)
     1    0.03    0.27    0.45    3.38 ^ output11/X (sky130_fd_sc_hd__buf_2)
                                         LED[2] (net)
                  0.27    0.00    3.38 ^ LED[2] (out)
                                  3.38   data arrival time

                  0.00   10.00   10.00   clock __VIRTUAL_CLK__ (rise edge)
                          0.00   10.00   clock network delay (ideal)
                         -0.25    9.75   clock uncertainty
                          0.00    9.75   clock reconvergence pessimism
                         -2.00    7.75   output external delay
                                  7.75   data required time
-----------------------------------------------------------------------------
                                  7.75   data required time
                                 -3.38   data arrival time
-----------------------------------------------------------------------------
                                  4.37   slack (MET)


Startpoint: SW[0] (input port clocked by __VIRTUAL_CLK__)
Endpoint: LED[1] (output port clocked by __VIRTUAL_CLK__)
Path Group: __VIRTUAL_CLK__
Path Type: max
Corner: Slowest

Fanout     Cap    Slew   Delay    Time   Description
-----------------------------------------------------------------------------
                  0.00    0.00    0.00   clock __VIRTUAL_CLK__ (rise edge)
                          0.00    0.00   clock network delay (ideal)
                          2.00    2.00 v input external delay
     1    0.00    0.02    0.01    2.01 v SW[0] (in)
                                         SW[0] (net)
                  0.02    0.00    2.01 v input1/A (sky130_fd_sc_hd__buf_1)
     5    0.02    0.20    0.27    2.28 v input1/X (sky130_fd_sc_hd__buf_1)
                                         net1 (net)
                  0.20    0.00    2.28 v _25_/B (sky130_fd_sc_hd__and2_1)
     1    0.00    0.08    0.41    2.69 v _25_/X (sky130_fd_sc_hd__and2_1)
                                         _09_ (net)
                  0.08    0.00    2.69 v _26_/B (sky130_fd_sc_hd__nor2_1)
     1    0.00    0.15    0.17    2.86 ^ _26_/Y (sky130_fd_sc_hd__nor2_1)
                                         net10 (net)
                  0.15    0.00    2.86 ^ output10/A (sky130_fd_sc_hd__buf_2)
     1    0.03    0.27    0.40    3.25 ^ output10/X (sky130_fd_sc_hd__buf_2)
                                         LED[1] (net)
                  0.27    0.00    3.25 ^ LED[1] (out)
                                  3.25   data arrival time

                  0.00   10.00   10.00   clock __VIRTUAL_CLK__ (rise edge)
                          0.00   10.00   clock network delay (ideal)
                         -0.25    9.75   clock uncertainty
                          0.00    9.75   clock reconvergence pessimism
                         -2.00    7.75   output external delay
                                  7.75   data required time
-----------------------------------------------------------------------------
                                  7.75   data required time
                                 -3.25   data arrival time
-----------------------------------------------------------------------------
                                  4.50   slack (MET)


Startpoint: SW[0] (input port clocked by __VIRTUAL_CLK__)
Endpoint: LED[0] (output port clocked by __VIRTUAL_CLK__)
Path Group: __VIRTUAL_CLK__
Path Type: max
Corner: Slowest

Fanout     Cap    Slew   Delay    Time   Description
-----------------------------------------------------------------------------
                  0.00    0.00    0.00   clock __VIRTUAL_CLK__ (rise edge)
                          0.00    0.00   clock network delay (ideal)
                          2.00    2.00 ^ input external delay
     1    0.00    0.03    0.02    2.02 ^ SW[0] (in)
                                         SW[0] (net)
                  0.03    0.00    2.02 ^ input1/A (sky130_fd_sc_hd__buf_1)
     5    0.02    0.34    0.34    2.36 ^ input1/X (sky130_fd_sc_hd__buf_1)
                                         net1 (net)
                  0.34    0.00    2.36 ^ _27_/A (sky130_fd_sc_hd__clkbuf_1)
     1    0.00    0.07    0.25    2.61 ^ _27_/X (sky130_fd_sc_hd__clkbuf_1)
                                         net9 (net)
                  0.07    0.00    2.61 ^ output9/A (sky130_fd_sc_hd__buf_2)
     1    0.03    0.27    0.36    2.97 ^ output9/X (sky130_fd_sc_hd__buf_2)
                                         LED[0] (net)
                  0.27    0.00    2.97 ^ LED[0] (out)
                                  2.97   data arrival time

                  0.00   10.00   10.00   clock __VIRTUAL_CLK__ (rise edge)
                          0.00   10.00   clock network delay (ideal)
                         -0.25    9.75   clock uncertainty
                          0.00    9.75   clock reconvergence pessimism
                         -2.00    7.75   output external delay
                                  7.75   data required time
-----------------------------------------------------------------------------
                                  7.75   data required time
                                 -2.97   data arrival time
-----------------------------------------------------------------------------
                                  4.78   slack (MET)



worst slack corner Slowest: 1.4418
======================= Typical Corner ===================================

Startpoint: SW[1] (input port clocked by __VIRTUAL_CLK__)
Endpoint: LED[6] (output port clocked by __VIRTUAL_CLK__)
Path Group: __VIRTUAL_CLK__
Path Type: max
Corner: Typical

Fanout     Cap    Slew   Delay    Time   Description
-----------------------------------------------------------------------------
                  0.00    0.00    0.00   clock __VIRTUAL_CLK__ (rise edge)
                          0.00    0.00   clock network delay (ideal)
                          2.00    2.00 v input external delay
     1    0.00    0.01    0.00    2.00 v SW[1] (in)
                                         SW[1] (net)
                  0.01    0.00    2.00 v input2/A (sky130_fd_sc_hd__buf_1)
     4    0.01    0.09    0.13    2.14 v input2/X (sky130_fd_sc_hd__buf_1)
                                         net2 (net)
                  0.09    0.00    2.14 v _13_/A (sky130_fd_sc_hd__or4_2)
     5    0.02    0.15    0.79    2.92 v _13_/X (sky130_fd_sc_hd__or4_2)
                                         _02_ (net)
                  0.15    0.00    2.92 v _20_/D (sky130_fd_sc_hd__or4_1)
     2    0.01    0.13    0.52    3.44 v _20_/X (sky130_fd_sc_hd__or4_1)
                                         _06_ (net)
                  0.13    0.00    3.44 v _22_/A (sky130_fd_sc_hd__and2_1)
     1    0.01    0.05    0.19    3.63 v _22_/X (sky130_fd_sc_hd__and2_1)
                                         _08_ (net)
                  0.05    0.00    3.63 v _23_/A (sky130_fd_sc_hd__clkbuf_1)
     1    0.00    0.03    0.09    3.73 v _23_/X (sky130_fd_sc_hd__clkbuf_1)
                                         net15 (net)
                  0.03    0.00    3.73 v output15/A (sky130_fd_sc_hd__buf_2)
     1    0.03    0.09    0.18    3.91 v output15/X (sky130_fd_sc_hd__buf_2)
                                         LED[6] (net)
                  0.09    0.00    3.91 v LED[6] (out)
                                  3.91   data arrival time

                  0.00   10.00   10.00   clock __VIRTUAL_CLK__ (rise edge)
                          0.00   10.00   clock network delay (ideal)
                         -0.25    9.75   clock uncertainty
                          0.00    9.75   clock reconvergence pessimism
                         -2.00    7.75   output external delay
                                  7.75   data required time
-----------------------------------------------------------------------------
                                  7.75   data required time
                                 -3.91   data arrival time
-----------------------------------------------------------------------------
                                  3.84   slack (MET)


Startpoint: SW[1] (input port clocked by __VIRTUAL_CLK__)
Endpoint: LED[7] (output port clocked by __VIRTUAL_CLK__)
Path Group: __VIRTUAL_CLK__
Path Type: max
Corner: Typical

Fanout     Cap    Slew   Delay    Time   Description
-----------------------------------------------------------------------------
                  0.00    0.00    0.00   clock __VIRTUAL_CLK__ (rise edge)
                          0.00    0.00   clock network delay (ideal)
                          2.00    2.00 v input external delay
     1    0.00    0.01    0.00    2.00 v SW[1] (in)
                                         SW[1] (net)
                  0.01    0.00    2.00 v input2/A (sky130_fd_sc_hd__buf_1)
     4    0.01    0.09    0.13    2.14 v input2/X (sky130_fd_sc_hd__buf_1)
                                         net2 (net)
                  0.09    0.00    2.14 v _13_/A (sky130_fd_sc_hd__or4_2)
     5    0.02    0.15    0.79    2.92 v _13_/X (sky130_fd_sc_hd__or4_2)
                                         _02_ (net)
                  0.15    0.00    2.92 v _20_/D (sky130_fd_sc_hd__or4_1)
     2    0.01    0.13    0.52    3.44 v _20_/X (sky130_fd_sc_hd__or4_1)
                                         _06_ (net)
                  0.13    0.00    3.44 v _24_/B (sky130_fd_sc_hd__xor2_1)
     1    0.00    0.12    0.17    3.61 ^ _24_/X (sky130_fd_sc_hd__xor2_1)
                                         net16 (net)
                  0.12    0.00    3.61 ^ output16/A (sky130_fd_sc_hd__clkbuf_4)
     1    0.03    0.11    0.22    3.84 ^ output16/X (sky130_fd_sc_hd__clkbuf_4)
                                         LED[7] (net)
                  0.11    0.00    3.84 ^ LED[7] (out)
                                  3.84   data arrival time

                  0.00   10.00   10.00   clock __VIRTUAL_CLK__ (rise edge)
                          0.00   10.00   clock network delay (ideal)
                         -0.25    9.75   clock uncertainty
                          0.00    9.75   clock reconvergence pessimism
                         -2.00    7.75   output external delay
                                  7.75   data required time
-----------------------------------------------------------------------------
                                  7.75   data required time
                                 -3.84   data arrival time
-----------------------------------------------------------------------------
                                  3.91   slack (MET)


Startpoint: SW[1] (input port clocked by __VIRTUAL_CLK__)
Endpoint: LED[5] (output port clocked by __VIRTUAL_CLK__)
Path Group: __VIRTUAL_CLK__
Path Type: max
Corner: Typical

Fanout     Cap    Slew   Delay    Time   Description
-----------------------------------------------------------------------------
                  0.00    0.00    0.00   clock __VIRTUAL_CLK__ (rise edge)
                          0.00    0.00   clock network delay (ideal)
                          2.00    2.00 v input external delay
     1    0.00    0.01    0.00    2.00 v SW[1] (in)
                                         SW[1] (net)
                  0.01    0.00    2.00 v input2/A (sky130_fd_sc_hd__buf_1)
     4    0.01    0.09    0.13    2.14 v input2/X (sky130_fd_sc_hd__buf_1)
                                         net2 (net)
                  0.09    0.00    2.14 v _13_/A (sky130_fd_sc_hd__or4_2)
     5    0.02    0.15    0.79    2.92 v _13_/X (sky130_fd_sc_hd__or4_2)
                                         _02_ (net)
                  0.15    0.00    2.92 v _16_/B (sky130_fd_sc_hd__nor2_1)
     2    0.01    0.21    0.23    3.16 ^ _16_/Y (sky130_fd_sc_hd__nor2_1)
                                         _04_ (net)
                  0.21    0.00    3.16 ^ _19_/B (sky130_fd_sc_hd__xnor2_1)
     1    0.00    0.13    0.16    3.31 ^ _19_/Y (sky130_fd_sc_hd__xnor2_1)
                                         net14 (net)
                  0.13    0.00    3.31 ^ output14/A (sky130_fd_sc_hd__buf_2)
     1    0.03    0.17    0.24    3.55 ^ output14/X (sky130_fd_sc_hd__buf_2)
                                         LED[5] (net)
                  0.17    0.00    3.55 ^ LED[5] (out)
                                  3.55   data arrival time

                  0.00   10.00   10.00   clock __VIRTUAL_CLK__ (rise edge)
                          0.00   10.00   clock network delay (ideal)
                         -0.25    9.75   clock uncertainty
                          0.00    9.75   clock reconvergence pessimism
                         -2.00    7.75   output external delay
                                  7.75   data required time
-----------------------------------------------------------------------------
                                  7.75   data required time
                                 -3.55   data arrival time
-----------------------------------------------------------------------------
                                  4.20   slack (MET)


Startpoint: SW[1] (input port clocked by __VIRTUAL_CLK__)
Endpoint: LED[4] (output port clocked by __VIRTUAL_CLK__)
Path Group: __VIRTUAL_CLK__
Path Type: max
Corner: Typical

Fanout     Cap    Slew   Delay    Time   Description
-----------------------------------------------------------------------------
                  0.00    0.00    0.00   clock __VIRTUAL_CLK__ (rise edge)
                          0.00    0.00   clock network delay (ideal)
                          2.00    2.00 v input external delay
     1    0.00    0.01    0.00    2.00 v SW[1] (in)
                                         SW[1] (net)
                  0.01    0.00    2.00 v input2/A (sky130_fd_sc_hd__buf_1)
     4    0.01    0.09    0.13    2.14 v input2/X (sky130_fd_sc_hd__buf_1)
                                         net2 (net)
                  0.09    0.00    2.14 v _13_/A (sky130_fd_sc_hd__or4_2)
     5    0.02    0.15    0.79    2.92 v _13_/X (sky130_fd_sc_hd__or4_2)
                                         _02_ (net)
                  0.15    0.00    2.92 v _17_/B (sky130_fd_sc_hd__and2_1)
     1    0.00    0.04    0.21    3.14 v _17_/X (sky130_fd_sc_hd__and2_1)
                                         _05_ (net)
                  0.04    0.00    3.14 v _18_/B (sky130_fd_sc_hd__nor2_1)
     1    0.01    0.12    0.12    3.25 ^ _18_/Y (sky130_fd_sc_hd__nor2_1)
                                         net13 (net)
                  0.12    0.00    3.25 ^ output13/A (sky130_fd_sc_hd__buf_2)
     1    0.03    0.17    0.24    3.49 ^ output13/X (sky130_fd_sc_hd__buf_2)
                                         LED[4] (net)
                  0.17    0.00    3.49 ^ LED[4] (out)
                                  3.49   data arrival time

                  0.00   10.00   10.00   clock __VIRTUAL_CLK__ (rise edge)
                          0.00   10.00   clock network delay (ideal)
                         -0.25    9.75   clock uncertainty
                          0.00    9.75   clock reconvergence pessimism
                         -2.00    7.75   output external delay
                                  7.75   data required time
-----------------------------------------------------------------------------
                                  7.75   data required time
                                 -3.49   data arrival time
-----------------------------------------------------------------------------
                                  4.26   slack (MET)


Startpoint: SW[1] (input port clocked by __VIRTUAL_CLK__)
Endpoint: LED[3] (output port clocked by __VIRTUAL_CLK__)
Path Group: __VIRTUAL_CLK__
Path Type: max
Corner: Typical

Fanout     Cap    Slew   Delay    Time   Description
-----------------------------------------------------------------------------
                  0.00    0.00    0.00   clock __VIRTUAL_CLK__ (rise edge)
                          0.00    0.00   clock network delay (ideal)
                          2.00    2.00 v input external delay
     1    0.00    0.01    0.00    2.00 v SW[1] (in)
                                         SW[1] (net)
                  0.01    0.00    2.00 v input2/A (sky130_fd_sc_hd__buf_1)
     4    0.01    0.09    0.13    2.14 v input2/X (sky130_fd_sc_hd__buf_1)
                                         net2 (net)
                  0.09    0.00    2.14 v _13_/A (sky130_fd_sc_hd__or4_2)
     5    0.02    0.15    0.79    2.92 v _13_/X (sky130_fd_sc_hd__or4_2)
                                         _02_ (net)
                  0.15    0.00    2.92 v _14_/B (sky130_fd_sc_hd__and2b_1)
     1    0.00    0.04    0.22    3.14 v _14_/X (sky130_fd_sc_hd__and2b_1)
                                         _03_ (net)
                  0.04    0.00    3.14 v _15_/A (sky130_fd_sc_hd__clkbuf_1)
     1    0.01    0.05    0.11    3.25 v _15_/X (sky130_fd_sc_hd__clkbuf_1)
                                         net12 (net)
                  0.05    0.00    3.25 v output12/A (sky130_fd_sc_hd__buf_2)
     1    0.03    0.09    0.19    3.44 v output12/X (sky130_fd_sc_hd__buf_2)
                                         LED[3] (net)
                  0.09    0.00    3.44 v LED[3] (out)
                                  3.44   data arrival time

                  0.00   10.00   10.00   clock __VIRTUAL_CLK__ (rise edge)
                          0.00   10.00   clock network delay (ideal)
                         -0.25    9.75   clock uncertainty
                          0.00    9.75   clock reconvergence pessimism
                         -2.00    7.75   output external delay
                                  7.75   data required time
-----------------------------------------------------------------------------
                                  7.75   data required time
                                 -3.44   data arrival time
-----------------------------------------------------------------------------
                                  4.31   slack (MET)


Startpoint: SW[1] (input port clocked by __VIRTUAL_CLK__)
Endpoint: LED[2] (output port clocked by __VIRTUAL_CLK__)
Path Group: __VIRTUAL_CLK__
Path Type: max
Corner: Typical

Fanout     Cap    Slew   Delay    Time   Description
-----------------------------------------------------------------------------
                  0.00    0.00    0.00   clock __VIRTUAL_CLK__ (rise edge)
                          0.00    0.00   clock network delay (ideal)
                          2.00    2.00 v input external delay
     1    0.00    0.01    0.00    2.00 v SW[1] (in)
                                         SW[1] (net)
                  0.01    0.00    2.00 v input2/A (sky130_fd_sc_hd__buf_1)
     4    0.01    0.09    0.13    2.14 v input2/X (sky130_fd_sc_hd__buf_1)
                                         net2 (net)
                  0.09    0.00    2.14 v _10_/A (sky130_fd_sc_hd__nor2_1)
     2    0.01    0.19    0.20    2.34 ^ _10_/Y (sky130_fd_sc_hd__nor2_1)
                                         _00_ (net)
                  0.19    0.00    2.34 ^ _11_/B (sky130_fd_sc_hd__xnor2_1)
     1    0.00    0.16    0.16    2.50 ^ _11_/Y (sky130_fd_sc_hd__xnor2_1)
                                         net11 (net)
                  0.16    0.00    2.50 ^ output11/A (sky130_fd_sc_hd__buf_2)
     1    0.03    0.17    0.25    2.75 ^ output11/X (sky130_fd_sc_hd__buf_2)
                                         LED[2] (net)
                  0.17    0.00    2.75 ^ LED[2] (out)
                                  2.75   data arrival time

                  0.00   10.00   10.00   clock __VIRTUAL_CLK__ (rise edge)
                          0.00   10.00   clock network delay (ideal)
                         -0.25    9.75   clock uncertainty
                          0.00    9.75   clock reconvergence pessimism
                         -2.00    7.75   output external delay
                                  7.75   data required time
-----------------------------------------------------------------------------
                                  7.75   data required time
                                 -2.75   data arrival time
-----------------------------------------------------------------------------
                                  5.00   slack (MET)


Startpoint: SW[0] (input port clocked by __VIRTUAL_CLK__)
Endpoint: LED[1] (output port clocked by __VIRTUAL_CLK__)
Path Group: __VIRTUAL_CLK__
Path Type: max
Corner: Typical

Fanout     Cap    Slew   Delay    Time   Description
-----------------------------------------------------------------------------
                  0.00    0.00    0.00   clock __VIRTUAL_CLK__ (rise edge)
                          0.00    0.00   clock network delay (ideal)
                          2.00    2.00 ^ input external delay
     1    0.00    0.02    0.01    2.01 ^ SW[0] (in)
                                         SW[0] (net)
                  0.02    0.00    2.01 ^ input1/A (sky130_fd_sc_hd__buf_1)
     5    0.02    0.22    0.20    2.21 ^ input1/X (sky130_fd_sc_hd__buf_1)
                                         net1 (net)
                  0.22    0.00    2.21 ^ _10_/B (sky130_fd_sc_hd__nor2_1)
     2    0.01    0.08    0.11    2.32 v _10_/Y (sky130_fd_sc_hd__nor2_1)
                                         _00_ (net)
                  0.08    0.00    2.32 v _26_/A (sky130_fd_sc_hd__nor2_1)
     1    0.00    0.09    0.12    2.44 ^ _26_/Y (sky130_fd_sc_hd__nor2_1)
                                         net10 (net)
                  0.09    0.00    2.44 ^ output10/A (sky130_fd_sc_hd__buf_2)
     1    0.03    0.17    0.22    2.67 ^ output10/X (sky130_fd_sc_hd__buf_2)
                                         LED[1] (net)
                  0.17    0.00    2.67 ^ LED[1] (out)
                                  2.67   data arrival time

                  0.00   10.00   10.00   clock __VIRTUAL_CLK__ (rise edge)
                          0.00   10.00   clock network delay (ideal)
                         -0.25    9.75   clock uncertainty
                          0.00    9.75   clock reconvergence pessimism
                         -2.00    7.75   output external delay
                                  7.75   data required time
-----------------------------------------------------------------------------
                                  7.75   data required time
                                 -2.67   data arrival time
-----------------------------------------------------------------------------
                                  5.08   slack (MET)


Startpoint: SW[0] (input port clocked by __VIRTUAL_CLK__)
Endpoint: LED[0] (output port clocked by __VIRTUAL_CLK__)
Path Group: __VIRTUAL_CLK__
Path Type: max
Corner: Typical

Fanout     Cap    Slew   Delay    Time   Description
-----------------------------------------------------------------------------
                  0.00    0.00    0.00   clock __VIRTUAL_CLK__ (rise edge)
                          0.00    0.00   clock network delay (ideal)
                          2.00    2.00 ^ input external delay
     1    0.00    0.02    0.01    2.01 ^ SW[0] (in)
                                         SW[0] (net)
                  0.02    0.00    2.01 ^ input1/A (sky130_fd_sc_hd__buf_1)
     5    0.02    0.22    0.20    2.21 ^ input1/X (sky130_fd_sc_hd__buf_1)
                                         net1 (net)
                  0.22    0.00    2.21 ^ _27_/A (sky130_fd_sc_hd__clkbuf_1)
     1    0.00    0.04    0.12    2.33 ^ _27_/X (sky130_fd_sc_hd__clkbuf_1)
                                         net9 (net)
                  0.04    0.00    2.33 ^ output9/A (sky130_fd_sc_hd__buf_2)
     1    0.03    0.17    0.21    2.54 ^ output9/X (sky130_fd_sc_hd__buf_2)
                                         LED[0] (net)
                  0.17    0.00    2.54 ^ LED[0] (out)
                                  2.54   data arrival time

                  0.00   10.00   10.00   clock __VIRTUAL_CLK__ (rise edge)
                          0.00   10.00   clock network delay (ideal)
                         -0.25    9.75   clock uncertainty
                          0.00    9.75   clock reconvergence pessimism
                         -2.00    7.75   output external delay
                                  7.75   data required time
-----------------------------------------------------------------------------
                                  7.75   data required time
                                 -2.54   data arrival time
-----------------------------------------------------------------------------
                                  5.21   slack (MET)



worst slack corner Typical: 3.8405
